[ 2016-12-27T23:04:39+08:00 ] 127.0.0.1 /index.php/back/admin/login
INFO: [ app_init ] --START--
INFO: Run Behavior\BuildLiteBehavior [ RunTime:0.000018s ]
INFO: [ app_init ] --END-- [ RunTime:0.024756s ]
INFO: [ app_begin ] --START--
INFO: Run Behavior\ReadHtmlCacheBehavior [ RunTime:0.018403s ]
INFO: [ app_begin ] --END-- [ RunTime:0.018461s ]
INFO: [ view_parse ] --START--
INFO: [ template_filter ] --START--
INFO: Run Behavior\ContentReplaceBehavior [ RunTime:0.000064s ]
INFO: [ template_filter ] --END-- [ RunTime:0.000107s ]
NOTIC: [8] Undefined variable: bread C:\phpStudy\WWW\php41\shop\Runtime\Cache\Back\fe9a96bc90181c859e6d01eee972ee01.php 第 17 行.
NOTIC: [8] Undefined variable: bread C:\phpStudy\WWW\php41\shop\Runtime\Cache\Back\fe9a96bc90181c859e6d01eee972ee01.php 第 17 行.
NOTIC: [8] Undefined variable: bread C:\phpStudy\WWW\php41\shop\Runtime\Cache\Back\fe9a96bc90181c859e6d01eee972ee01.php 第 19 行.
NOTIC: [8] Undefined variable: bread C:\phpStudy\WWW\php41\shop\Runtime\Cache\Back\fe9a96bc90181c859e6d01eee972ee01.php 第 19 行.
INFO: Run Behavior\ParseTemplateBehavior [ RunTime:0.146188s ]
INFO: [ view_parse ] --END-- [ RunTime:0.146234s ]
INFO: [ view_filter ] --START--
INFO: Run Behavior\WriteHtmlCacheBehavior [ RunTime:0.012463s ]
INFO: [ view_filter ] --END-- [ RunTime:0.012509s ]
INFO: [ app_end ] --START--
INFO: Run Behavior\ShowPageTraceBehavior [ RunTime:0.011215s ]
INFO: [ app_end ] --END-- [ RunTime:0.011278s ]

[ 2016-12-27T23:04:40+08:00 ] 127.0.0.1 /index.php/Back/Admin/verifyImg.html
INFO: [ app_init ] --START--
INFO: Run Behavior\BuildLiteBehavior [ RunTime:0.000023s ]
INFO: [ app_init ] --END-- [ RunTime:0.001074s ]
INFO: [ app_begin ] --START--
INFO: Run Behavior\ReadHtmlCacheBehavior [ RunTime:0.000716s ]
INFO: [ app_begin ] --END-- [ RunTime:0.000782s ]
INFO: [ app_end ] --START--
INFO: Run Behavior\ShowPageTraceBehavior [ RunTime:0.001057s ]
INFO: [ app_end ] --END-- [ RunTime:0.001152s ]

[ 2016-12-27T23:04:53+08:00 ] 127.0.0.1 /index.php/Back/Admin/checkCode.html?code=airf
INFO: [ app_init ] --START--
INFO: Run Behavior\BuildLiteBehavior [ RunTime:0.000012s ]
INFO: [ app_init ] --END-- [ RunTime:0.000297s ]
INFO: [ app_begin ] --START--
INFO: Run Behavior\ReadHtmlCacheBehavior [ RunTime:0.000450s ]
INFO: [ app_begin ] --END-- [ RunTime:0.000484s ]
INFO: [ app_end ] --START--
INFO: Run Behavior\ShowPageTraceBehavior [ RunTime:0.000590s ]
INFO: [ app_end ] --END-- [ RunTime:0.000639s ]

[ 2016-12-27T23:05:00+08:00 ] 127.0.0.1 /index.php/Back/Admin/checkCode.html?code=ajrf
INFO: [ app_init ] --START--
INFO: Run Behavior\BuildLiteBehavior [ RunTime:0.000017s ]
INFO: [ app_init ] --END-- [ RunTime:0.000328s ]
INFO: [ app_begin ] --START--
INFO: Run Behavior\ReadHtmlCacheBehavior [ RunTime:0.000543s ]
INFO: [ app_begin ] --END-- [ RunTime:0.000587s ]
INFO: [ app_end ] --START--
INFO: Run Behavior\ShowPageTraceBehavior [ RunTime:0.000502s ]
INFO: [ app_end ] --END-- [ RunTime:0.000547s ]

[ 2016-12-27T23:05:02+08:00 ] 127.0.0.1 /index.php/back/admin/login
INFO: [ app_init ] --START--
INFO: Run Behavior\BuildLiteBehavior [ RunTime:0.000012s ]
INFO: [ app_init ] --END-- [ RunTime:0.000345s ]
INFO: [ app_begin ] --START--
INFO: Run Behavior\ReadHtmlCacheBehavior [ RunTime:0.000560s ]
INFO: [ app_begin ] --END-- [ RunTime:0.000599s ]
SQL: SHOW COLUMNS FROM `php41_manager` [ RunTime:0.0323s ]
SQL: SELECT * FROM `php41_manager` WHERE `mg_name` = 'admin' AND `mg_pwd` = '123456' LIMIT 1   [ RunTime:0.0044s ]

[ 2016-12-27T23:05:02+08:00 ] 127.0.0.1 /index.php/Back/Admin/checkCode.html?code=ajrf
INFO: [ app_init ] --START--
INFO: Run Behavior\BuildLiteBehavior [ RunTime:0.000017s ]
INFO: [ app_init ] --END-- [ RunTime:0.000555s ]
INFO: [ app_begin ] --START--
INFO: Run Behavior\ReadHtmlCacheBehavior [ RunTime:0.000789s ]
INFO: [ app_begin ] --END-- [ RunTime:0.000838s ]
INFO: [ app_end ] --START--
INFO: Run Behavior\ShowPageTraceBehavior [ RunTime:0.000662s ]
INFO: [ app_end ] --END-- [ RunTime:0.000713s ]

[ 2016-12-27T23:05:02+08:00 ] 127.0.0.1 /index.php/Back/Index/index.html
INFO: [ app_init ] --START--
INFO: Run Behavior\BuildLiteBehavior [ RunTime:0.000013s ]
INFO: [ app_init ] --END-- [ RunTime:0.000305s ]
INFO: [ app_begin ] --START--
INFO: Run Behavior\ReadHtmlCacheBehavior [ RunTime:0.000455s ]
INFO: [ app_begin ] --END-- [ RunTime:0.000493s ]
INFO: [ view_parse ] --START--
INFO: [ template_filter ] --START--
INFO: Run Behavior\ContentReplaceBehavior [ RunTime:0.000029s ]
INFO: [ template_filter ] --END-- [ RunTime:0.000078s ]
INFO: Run Behavior\ParseTemplateBehavior [ RunTime:0.016612s ]
INFO: [ view_parse ] --END-- [ RunTime:0.016662s ]
INFO: [ view_filter ] --START--
INFO: Run Behavior\WriteHtmlCacheBehavior [ RunTime:0.000263s ]
INFO: [ view_filter ] --END-- [ RunTime:0.000294s ]
INFO: [ app_end ] --START--
INFO: Run Behavior\ShowPageTraceBehavior [ RunTime:0.000468s ]
INFO: [ app_end ] --END-- [ RunTime:0.000499s ]

[ 2016-12-27T23:05:03+08:00 ] 127.0.0.1 /index.php/Back/Index/left.html
INFO: [ app_init ] --START--
INFO: Run Behavior\BuildLiteBehavior [ RunTime:0.000021s ]
INFO: [ app_init ] --END-- [ RunTime:0.000498s ]
INFO: [ app_begin ] --START--
INFO: Run Behavior\ReadHtmlCacheBehavior [ RunTime:0.000781s ]
INFO: [ app_begin ] --END-- [ RunTime:0.000860s ]
SQL: SHOW COLUMNS FROM `php41_auth` [ RunTime:0.0453s ]
SQL: SELECT * FROM `php41_auth` WHERE ( auth_level=0 )  [ RunTime:0.0004s ]
SQL: SELECT * FROM `php41_auth` WHERE ( auth_level=1 )  [ RunTime:0.0004s ]
INFO: [ view_parse ] --START--
INFO: [ template_filter ] --START--
INFO: Run Behavior\ContentReplaceBehavior [ RunTime:0.000040s ]
INFO: [ template_filter ] --END-- [ RunTime:0.000082s ]
INFO: Run Behavior\ParseTemplateBehavior [ RunTime:0.018126s ]
INFO: [ view_parse ] --END-- [ RunTime:0.018172s ]
INFO: [ view_filter ] --START--
INFO: Run Behavior\WriteHtmlCacheBehavior [ RunTime:0.000375s ]
INFO: [ view_filter ] --END-- [ RunTime:0.000410s ]
INFO: [ app_end ] --START--
INFO: Run Behavior\ShowPageTraceBehavior [ RunTime:0.000924s ]
INFO: [ app_end ] --END-- [ RunTime:0.000999s ]

[ 2016-12-27T23:05:03+08:00 ] 127.0.0.1 /index.php/Back/Index/head.html
INFO: [ app_init ] --START--
INFO: Run Behavior\BuildLiteBehavior [ RunTime:0.000013s ]
INFO: [ app_init ] --END-- [ RunTime:0.000324s ]
INFO: [ app_begin ] --START--
INFO: Run Behavior\ReadHtmlCacheBehavior [ RunTime:0.000490s ]
INFO: [ app_begin ] --END-- [ RunTime:0.000533s ]
INFO: [ view_parse ] --START--
INFO: [ template_filter ] --START--
INFO: Run Behavior\ContentReplaceBehavior [ RunTime:0.000043s ]
INFO: [ template_filter ] --END-- [ RunTime:0.000103s ]
INFO: Run Behavior\ParseTemplateBehavior [ RunTime:0.007552s ]
INFO: [ view_parse ] --END-- [ RunTime:0.007632s ]
INFO: [ view_filter ] --START--
INFO: Run Behavior\WriteHtmlCacheBehavior [ RunTime:0.000373s ]
INFO: [ view_filter ] --END-- [ RunTime:0.000420s ]
INFO: [ app_end ] --START--
INFO: Run Behavior\ShowPageTraceBehavior [ RunTime:0.000775s ]
INFO: [ app_end ] --END-- [ RunTime:0.000914s ]

[ 2016-12-27T23:05:03+08:00 ] 127.0.0.1 /index.php/Back/Index/right.html
INFO: [ app_init ] --START--
INFO: Run Behavior\BuildLiteBehavior [ RunTime:0.000014s ]
INFO: [ app_init ] --END-- [ RunTime:0.000395s ]
INFO: [ app_begin ] --START--
INFO: Run Behavior\ReadHtmlCacheBehavior [ RunTime:0.000587s ]
INFO: [ app_begin ] --END-- [ RunTime:0.000631s ]
INFO: [ view_parse ] --START--
INFO: [ template_filter ] --START--
INFO: Run Behavior\ContentReplaceBehavior [ RunTime:0.000046s ]
INFO: [ template_filter ] --END-- [ RunTime:0.000130s ]
INFO: Run Behavior\ParseTemplateBehavior [ RunTime:0.023410s ]
INFO: [ view_parse ] --END-- [ RunTime:0.023521s ]
INFO: [ view_filter ] --START--
INFO: Run Behavior\WriteHtmlCacheBehavior [ RunTime:0.000558s ]
INFO: [ view_filter ] --END-- [ RunTime:0.000610s ]
INFO: [ app_end ] --START--
INFO: Run Behavior\ShowPageTraceBehavior [ RunTime:0.001259s ]
INFO: [ app_end ] --END-- [ RunTime:0.001329s ]

[ 2016-12-27T23:05:08+08:00 ] 127.0.0.1 /index.php/Back/Role/showlist
INFO: [ app_init ] --START--
INFO: Run Behavior\BuildLiteBehavior [ RunTime:0.000011s ]
INFO: [ app_init ] --END-- [ RunTime:0.000300s ]
INFO: [ app_begin ] --START--
INFO: Run Behavior\ReadHtmlCacheBehavior [ RunTime:0.000455s ]
INFO: [ app_begin ] --END-- [ RunTime:0.000492s ]
SQL: SHOW COLUMNS FROM `php41_role` [ RunTime:0.0421s ]
SQL: SELECT * FROM `php41_role`  [ RunTime:0.0003s ]
INFO: [ view_parse ] --START--
INFO: [ template_filter ] --START--
INFO: Run Behavior\ContentReplaceBehavior [ RunTime:0.000030s ]
INFO: [ template_filter ] --END-- [ RunTime:0.000070s ]
NOTIC: [8] Undefined index: goods_id C:\phpStudy\WWW\php41\shop\Runtime\Cache\Back\9d9af0f1b3c9c1c89361da9610164efb.php 第 32 行.
NOTIC: [8] Undefined index: goods_id C:\phpStudy\WWW\php41\shop\Runtime\Cache\Back\9d9af0f1b3c9c1c89361da9610164efb.php 第 32 行.
INFO: Run Behavior\ParseTemplateBehavior [ RunTime:0.006791s ]
INFO: [ view_parse ] --END-- [ RunTime:0.006835s ]
INFO: [ view_filter ] --START--
INFO: Run Behavior\WriteHtmlCacheBehavior [ RunTime:0.000241s ]
INFO: [ view_filter ] --END-- [ RunTime:0.000274s ]
INFO: [ app_end ] --START--
INFO: Run Behavior\ShowPageTraceBehavior [ RunTime:0.000481s ]
INFO: [ app_end ] --END-- [ RunTime:0.000527s ]

[ 2016-12-27T23:05:09+08:00 ] 127.0.0.1 /index.php/Back/Auth/showlist
INFO: [ app_init ] --START--
INFO: Run Behavior\BuildLiteBehavior [ RunTime:0.000011s ]
INFO: [ app_init ] --END-- [ RunTime:0.000288s ]
INFO: [ app_begin ] --START--
INFO: Run Behavior\ReadHtmlCacheBehavior [ RunTime:0.000451s ]
INFO: [ app_begin ] --END-- [ RunTime:0.000488s ]
ERR: 无法加载控制器:Auth

[ 2016-12-27T23:05:11+08:00 ] 127.0.0.1 /index.php/Back/Role/showlist
INFO: [ app_init ] --START--
INFO: Run Behavior\BuildLiteBehavior [ RunTime:0.000019s ]
INFO: [ app_init ] --END-- [ RunTime:0.000379s ]
INFO: [ app_begin ] --START--
INFO: Run Behavior\ReadHtmlCacheBehavior [ RunTime:0.000638s ]
INFO: [ app_begin ] --END-- [ RunTime:0.000690s ]
SQL: SHOW COLUMNS FROM `php41_role` [ RunTime:0.0120s ]
SQL: SELECT * FROM `php41_role`  [ RunTime:0.0003s ]
INFO: [ view_parse ] --START--
INFO: [ template_filter ] --START--
INFO: Run Behavior\ContentReplaceBehavior [ RunTime:0.000046s ]
INFO: [ template_filter ] --END-- [ RunTime:0.000109s ]
NOTIC: [8] Undefined index: goods_id C:\phpStudy\WWW\php41\shop\Runtime\Cache\Back\9d9af0f1b3c9c1c89361da9610164efb.php 第 32 行.
NOTIC: [8] Undefined index: goods_id C:\phpStudy\WWW\php41\shop\Runtime\Cache\Back\9d9af0f1b3c9c1c89361da9610164efb.php 第 32 行.
INFO: Run Behavior\ParseTemplateBehavior [ RunTime:0.007863s ]
INFO: [ view_parse ] --END-- [ RunTime:0.007910s ]
INFO: [ view_filter ] --START--
INFO: Run Behavior\WriteHtmlCacheBehavior [ RunTime:0.000349s ]
INFO: [ view_filter ] --END-- [ RunTime:0.000382s ]
INFO: [ app_end ] --START--
INFO: Run Behavior\ShowPageTraceBehavior [ RunTime:0.000487s ]
INFO: [ app_end ] --END-- [ RunTime:0.000519s ]

[ 2016-12-27T23:05:15+08:00 ] 127.0.0.1 /index.php/Back/Role/distribute/role_id/50.html
INFO: [ app_init ] --START--
INFO: Run Behavior\BuildLiteBehavior [ RunTime:0.000023s ]
INFO: [ app_init ] --END-- [ RunTime:0.000581s ]
INFO: [ app_begin ] --START--
INFO: Run Behavior\ReadHtmlCacheBehavior [ RunTime:0.000684s ]
INFO: [ app_begin ] --END-- [ RunTime:0.000750s ]
SQL: SHOW COLUMNS FROM `php41_role` [ RunTime:0.0115s ]
SQL: SELECT * FROM `php41_role` WHERE `role_id` = 50 LIMIT 1   [ RunTime:0.0004s ]
SQL: SHOW COLUMNS FROM `php41_auth` [ RunTime:0.0096s ]
SQL: SELECT * FROM `php41_auth` WHERE ( auth_level=0 )  [ RunTime:0.0004s ]
SQL: SELECT * FROM `php41_auth` WHERE ( auth_level=1 )  [ RunTime:0.0004s ]
INFO: [ view_parse ] --START--
INFO: [ template_filter ] --START--
INFO: Run Behavior\ContentReplaceBehavior [ RunTime:0.000064s ]
INFO: [ template_filter ] --END-- [ RunTime:0.000131s ]
INFO: Run Behavior\ParseTemplateBehavior [ RunTime:0.030654s ]
INFO: [ view_parse ] --END-- [ RunTime:0.030707s ]
INFO: [ view_filter ] --START--
INFO: Run Behavior\WriteHtmlCacheBehavior [ RunTime:0.000251s ]
INFO: [ view_filter ] --END-- [ RunTime:0.000282s ]
INFO: [ app_end ] --START--
INFO: Run Behavior\ShowPageTraceBehavior [ RunTime:0.000477s ]
INFO: [ app_end ] --END-- [ RunTime:0.000511s ]

[ 2016-12-27T23:05:21+08:00 ] 127.0.0.1 /index.php/Back/Role/distribute/role_id/50.html
INFO: [ app_init ] --START--
INFO: Run Behavior\BuildLiteBehavior [ RunTime:0.000014s ]
INFO: [ app_init ] --END-- [ RunTime:0.000328s ]
INFO: [ app_begin ] --START--
INFO: Run Behavior\ReadHtmlCacheBehavior [ RunTime:0.000542s ]
INFO: [ app_begin ] --END-- [ RunTime:0.000594s ]
SQL: SHOW COLUMNS FROM `php41_role` [ RunTime:0.0464s ]
SQL: SHOW COLUMNS FROM `php41_auth` [ RunTime:0.0086s ]
SQL: SELECT * FROM `php41_auth` WHERE ( auth_id in (101,104,105,102,107,109) )  [ RunTime:0.0014s ]
SQL: UPDATE `php41_role` SET `role_auth_ids`='101,104,105,102,107,109',`role_auth_ac`='Goods-showlist,Goods-tianjia,Order-showlist,Order-dayin' WHERE `role_id` = 50 [ RunTime:0.0062s ]
INFO: [ view_parse ] --START--
INFO: [ template_filter ] --START--
INFO: Run Behavior\ContentReplaceBehavior [ RunTime:0.000042s ]
INFO: [ template_filter ] --END-- [ RunTime:0.000103s ]
INFO: Run Behavior\ParseTemplateBehavior [ RunTime:0.034491s ]
INFO: [ view_parse ] --END-- [ RunTime:0.034566s ]
INFO: [ view_filter ] --START--
INFO: Run Behavior\WriteHtmlCacheBehavior [ RunTime:0.000242s ]
INFO: [ view_filter ] --END-- [ RunTime:0.000272s ]
INFO: [ app_end ] --START--
INFO: Run Behavior\ShowPageTraceBehavior [ RunTime:0.000485s ]
INFO: [ app_end ] --END-- [ RunTime:0.000517s ]

[ 2016-12-27T23:05:23+08:00 ] 127.0.0.1 /index.php/Back/Role/showlist.html
INFO: [ app_init ] --START--
INFO: Run Behavior\BuildLiteBehavior [ RunTime:0.000013s ]
INFO: [ app_init ] --END-- [ RunTime:0.000314s ]
INFO: [ app_begin ] --START--
INFO: Run Behavior\ReadHtmlCacheBehavior [ RunTime:0.000439s ]
INFO: [ app_begin ] --END-- [ RunTime:0.000477s ]
SQL: SHOW COLUMNS FROM `php41_role` [ RunTime:0.0348s ]
SQL: SELECT * FROM `php41_role`  [ RunTime:0.0003s ]
INFO: [ view_parse ] --START--
INFO: [ template_filter ] --START--
INFO: Run Behavior\ContentReplaceBehavior [ RunTime:0.000031s ]
INFO: [ template_filter ] --END-- [ RunTime:0.000107s ]
NOTIC: [8] Undefined index: goods_id C:\phpStudy\WWW\php41\shop\Runtime\Cache\Back\9d9af0f1b3c9c1c89361da9610164efb.php 第 32 行.
NOTIC: [8] Undefined index: goods_id C:\phpStudy\WWW\php41\shop\Runtime\Cache\Back\9d9af0f1b3c9c1c89361da9610164efb.php 第 32 行.
INFO: Run Behavior\ParseTemplateBehavior [ RunTime:0.007415s ]
INFO: [ view_parse ] --END-- [ RunTime:0.007452s ]
INFO: [ view_filter ] --START--
INFO: Run Behavior\WriteHtmlCacheBehavior [ RunTime:0.000232s ]
INFO: [ view_filter ] --END-- [ RunTime:0.000261s ]
INFO: [ app_end ] --START--
INFO: Run Behavior\ShowPageTraceBehavior [ RunTime:0.000464s ]
INFO: [ app_end ] --END-- [ RunTime:0.000533s ]

[ 2016-12-27T23:05:26+08:00 ] 127.0.0.1 /index.php/Back/Role/distribute/role_id/50.html
INFO: [ app_init ] --START--
INFO: Run Behavior\BuildLiteBehavior [ RunTime:0.000015s ]
INFO: [ app_init ] --END-- [ RunTime:0.000349s ]
INFO: [ app_begin ] --START--
INFO: Run Behavior\ReadHtmlCacheBehavior [ RunTime:0.000546s ]
INFO: [ app_begin ] --END-- [ RunTime:0.000592s ]
SQL: SHOW COLUMNS FROM `php41_role` [ RunTime:0.0381s ]
SQL: SELECT * FROM `php41_role` WHERE `role_id` = 50 LIMIT 1   [ RunTime:0.0003s ]
SQL: SHOW COLUMNS FROM `php41_auth` [ RunTime:0.0093s ]
SQL: SELECT * FROM `php41_auth` WHERE ( auth_level=0 )  [ RunTime:0.0003s ]
SQL: SELECT * FROM `php41_auth` WHERE ( auth_level=1 )  [ RunTime:0.0003s ]
INFO: [ view_parse ] --START--
INFO: [ template_filter ] --START--
INFO: Run Behavior\ContentReplaceBehavior [ RunTime:0.000069s ]
INFO: [ template_filter ] --END-- [ RunTime:0.000136s ]
INFO: Run Behavior\ParseTemplateBehavior [ RunTime:0.008450s ]
INFO: [ view_parse ] --END-- [ RunTime:0.008497s ]
INFO: [ view_filter ] --START--
INFO: Run Behavior\WriteHtmlCacheBehavior [ RunTime:0.000217s ]
INFO: [ view_filter ] --END-- [ RunTime:0.000256s ]
INFO: [ app_end ] --START--
INFO: Run Behavior\ShowPageTraceBehavior [ RunTime:0.000442s ]
INFO: [ app_end ] --END-- [ RunTime:0.000472s ]

[ 2016-12-27T23:05:29+08:00 ] 127.0.0.1 /index.php/Back/Role/distribute/role_id/50.html
INFO: [ app_init ] --START--
INFO: Run Behavior\BuildLiteBehavior [ RunTime:0.000018s ]
INFO: [ app_init ] --END-- [ RunTime:0.000394s ]
INFO: [ app_begin ] --START--
INFO: Run Behavior\ReadHtmlCacheBehavior [ RunTime:0.000480s ]
INFO: [ app_begin ] --END-- [ RunTime:0.000532s ]
SQL: SHOW COLUMNS FROM `php41_role` [ RunTime:0.0365s ]
SQL: SHOW COLUMNS FROM `php41_auth` [ RunTime:0.0074s ]
SQL: SELECT * FROM `php41_auth` WHERE ( auth_id in (101,104,105,102,109) )  [ RunTime:0.0005s ]
SQL: UPDATE `php41_role` SET `role_auth_ids`='101,104,105,102,109',`role_auth_ac`='Goods-showlist,Goods-tianjia,Order-dayin' WHERE `role_id` = 50 [ RunTime:0.0093s ]
INFO: [ view_parse ] --START--
INFO: [ template_filter ] --START--
INFO: Run Behavior\ContentReplaceBehavior [ RunTime:0.000029s ]
INFO: [ template_filter ] --END-- [ RunTime:0.000084s ]
INFO: Run Behavior\ParseTemplateBehavior [ RunTime:0.005455s ]
INFO: [ view_parse ] --END-- [ RunTime:0.005533s ]
INFO: [ view_filter ] --START--
INFO: Run Behavior\WriteHtmlCacheBehavior [ RunTime:0.000307s ]
INFO: [ view_filter ] --END-- [ RunTime:0.000345s ]
INFO: [ app_end ] --START--
INFO: Run Behavior\ShowPageTraceBehavior [ RunTime:0.000595s ]
INFO: [ app_end ] --END-- [ RunTime:0.000632s ]

[ 2016-12-27T23:05:31+08:00 ] 127.0.0.1 /index.php/Back/Role/showlist.html
INFO: [ app_init ] --START--
INFO: Run Behavior\BuildLiteBehavior [ RunTime:0.000011s ]
INFO: [ app_init ] --END-- [ RunTime:0.000283s ]
INFO: [ app_begin ] --START--
INFO: Run Behavior\ReadHtmlCacheBehavior [ RunTime:0.000440s ]
INFO: [ app_begin ] --END-- [ RunTime:0.000478s ]
SQL: SHOW COLUMNS FROM `php41_role` [ RunTime:0.0332s ]
SQL: SELECT * FROM `php41_role`  [ RunTime:0.0003s ]
INFO: [ view_parse ] --START--
INFO: [ template_filter ] --START--
INFO: Run Behavior\ContentReplaceBehavior [ RunTime:0.000032s ]
INFO: [ template_filter ] --END-- [ RunTime:0.000074s ]
NOTIC: [8] Undefined index: goods_id C:\phpStudy\WWW\php41\shop\Runtime\Cache\Back\9d9af0f1b3c9c1c89361da9610164efb.php 第 32 行.
NOTIC: [8] Undefined index: goods_id C:\phpStudy\WWW\php41\shop\Runtime\Cache\Back\9d9af0f1b3c9c1c89361da9610164efb.php 第 32 行.
INFO: Run Behavior\ParseTemplateBehavior [ RunTime:0.006640s ]
INFO: [ view_parse ] --END-- [ RunTime:0.006680s ]
INFO: [ view_filter ] --START--
INFO: Run Behavior\WriteHtmlCacheBehavior [ RunTime:0.000220s ]
INFO: [ view_filter ] --END-- [ RunTime:0.000249s ]
INFO: [ app_end ] --START--
INFO: Run Behavior\ShowPageTraceBehavior [ RunTime:0.000478s ]
INFO: [ app_end ] --END-- [ RunTime:0.000508s ]

[ 2016-12-27T23:11:11+08:00 ] 127.0.0.1 /index.php/Back/Auth/showlist
INFO: [ app_init ] --START--
INFO: Run Behavior\BuildLiteBehavior [ RunTime:0.000012s ]
INFO: [ app_init ] --END-- [ RunTime:0.000361s ]
INFO: [ app_begin ] --START--
INFO: Run Behavior\ReadHtmlCacheBehavior [ RunTime:0.000591s ]
INFO: [ app_begin ] --END-- [ RunTime:0.000639s ]
SQL: SHOW COLUMNS FROM `php41_auth` [ RunTime:0.0327s ]
SQL: SELECT * FROM `php41_auth` ORDER BY auth_path  [ RunTime:0.0024s ]
INFO: [ view_parse ] --START--
INFO: [ template_filter ] --START--
INFO: Run Behavior\ContentReplaceBehavior [ RunTime:0.000068s ]
INFO: [ template_filter ] --END-- [ RunTime:0.000116s ]
NOTIC: [8] Undefined index: goods_id C:\phpStudy\WWW\php41\shop\Runtime\Cache\Back\a1f63f45dcb11bc4cea5c7353aaf7c62.php 第 32 行.
NOTIC: [8] Undefined index: role_id C:\phpStudy\WWW\php41\shop\Runtime\Cache\Back\a1f63f45dcb11bc4cea5c7353aaf7c62.php 第 33 行.
NOTIC: [8] Undefined index: role_name C:\phpStudy\WWW\php41\shop\Runtime\Cache\Back\a1f63f45dcb11bc4cea5c7353aaf7c62.php 第 34 行.
NOTIC: [8] Undefined index: role_auth_ids C:\phpStudy\WWW\php41\shop\Runtime\Cache\Back\a1f63f45dcb11bc4cea5c7353aaf7c62.php 第 35 行.
NOTIC: [8] Undefined index: role_id C:\phpStudy\WWW\php41\shop\Runtime\Cache\Back\a1f63f45dcb11bc4cea5c7353aaf7c62.php 第 37 行.
NOTIC: [8] Undefined index: goods_id C:\phpStudy\WWW\php41\shop\Runtime\Cache\Back\a1f63f45dcb11bc4cea5c7353aaf7c62.php 第 32 行.
NOTIC: [8] Undefined index: role_id C:\phpStudy\WWW\php41\shop\Runtime\Cache\Back\a1f63f45dcb11bc4cea5c7353aaf7c62.php 第 33 行.
NOTIC: [8] Undefined index: role_name C:\phpStudy\WWW\php41\shop\Runtime\Cache\Back\a1f63f45dcb11bc4cea5c7353aaf7c62.php 第 34 行.
NOTIC: [8] Undefined index: role_auth_ids C:\phpStudy\WWW\php41\shop\Runtime\Cache\Back\a1f63f45dcb11bc4cea5c7353aaf7c62.php 第 35 行.
NOTIC: [8] Undefined index: role_id C:\phpStudy\WWW\php41\shop\Runtime\Cache\Back\a1f63f45dcb11bc4cea5c7353aaf7c62.php 第 37 行.
NOTIC: [8] Undefined index: goods_id C:\phpStudy\WWW\php41\shop\Runtime\Cache\Back\a1f63f45dcb11bc4cea5c7353aaf7c62.php 第 32 行.
NOTIC: [8] Undefined index: role_id C:\phpStudy\WWW\php41\shop\Runtime\Cache\Back\a1f63f45dcb11bc4cea5c7353aaf7c62.php 第 33 行.
NOTIC: [8] Undefined index: role_name C:\phpStudy\WWW\php41\shop\Runtime\Cache\Back\a1f63f45dcb11bc4cea5c7353aaf7c62.php 第 34 行.
NOTIC: [8] Undefined index: role_auth_ids C:\phpStudy\WWW\php41\shop\Runtime\Cache\Back\a1f63f45dcb11bc4cea5c7353aaf7c62.php 第 35 行.
NOTIC: [8] Undefined index: role_id C:\phpStudy\WWW\php41\shop\Runtime\Cache\Back\a1f63f45dcb11bc4cea5c7353aaf7c62.php 第 37 行.
NOTIC: [8] Undefined index: goods_id C:\phpStudy\WWW\php41\shop\Runtime\Cache\Back\a1f63f45dcb11bc4cea5c7353aaf7c62.php 第 32 行.
NOTIC: [8] Undefined index: role_id C:\phpStudy\WWW\php41\shop\Runtime\Cache\Back\a1f63f45dcb11bc4cea5c7353aaf7c62.php 第 33 行.
NOTIC: [8] Undefined index: role_name C:\phpStudy\WWW\php41\shop\Runtime\Cache\Back\a1f63f45dcb11bc4cea5c7353aaf7c62.php 第 34 行.
NOTIC: [8] Undefined index: role_auth_ids C:\phpStudy\WWW\php41\shop\Runtime\Cache\Back\a1f63f45dcb11bc4cea5c7353aaf7c62.php 第 35 行.
NOTIC: [8] Undefined index: role_id C:\phpStudy\WWW\php41\shop\Runtime\Cache\Back\a1f63f45dcb11bc4cea5c7353aaf7c62.php 第 37 行.
NOTIC: [8] Undefined index: goods_id C:\phpStudy\WWW\php41\shop\Runtime\Cache\Back\a1f63f45dcb11bc4cea5c7353aaf7c62.php 第 32 行.
NOTIC: [8] Undefined index: role_id C:\phpStudy\WWW\php41\shop\Runtime\Cache\Back\a1f63f45dcb11bc4cea5c7353aaf7c62.php 第 33 行.
NOTIC: [8] Undefined index: role_name C:\phpStudy\WWW\php41\shop\Runtime\Cache\Back\a1f63f45dcb11bc4cea5c7353aaf7c62.php 第 34 行.
NOTIC: [8] Undefined index: role_auth_ids C:\phpStudy\WWW\php41\shop\Runtime\Cache\Back\a1f63f45dcb11bc4cea5c7353aaf7c62.php 第 35 行.
NOTIC: [8] Undefined index: role_id C:\phpStudy\WWW\php41\shop\Runtime\Cache\Back\a1f63f45dcb11bc4cea5c7353aaf7c62.php 第 37 行.
NOTIC: [8] Undefined index: goods_id C:\phpStudy\WWW\php41\shop\Runtime\Cache\Back\a1f63f45dcb11bc4cea5c7353aaf7c62.php 第 32 行.
NOTIC: [8] Undefined index: role_id C:\phpStudy\WWW\php41\shop\Runtime\Cache\Back\a1f63f45dcb11bc4cea5c7353aaf7c62.php 第 33 行.
NOTIC: [8] Undefined index: role_name C:\phpStudy\WWW\php41\shop\Runtime\Cache\Back\a1f63f45dcb11bc4cea5c7353aaf7c62.php 第 34 行.
NOTIC: [8] Undefined index: role_auth_ids C:\phpStudy\WWW\php41\shop\Runtime\Cache\Back\a1f63f45dcb11bc4cea5c7353aaf7c62.php 第 35 行.
NOTIC: [8] Undefined index: role_id C:\phpStudy\WWW\php41\shop\Runtime\Cache\Back\a1f63f45dcb11bc4cea5c7353aaf7c62.php 第 37 行.
NOTIC: [8] Undefined index: goods_id C:\phpStudy\WWW\php41\shop\Runtime\Cache\Back\a1f63f45dcb11bc4cea5c7353aaf7c62.php 第 32 行.
NOTIC: [8] Undefined index: role_id C:\phpStudy\WWW\php41\shop\Runtime\Cache\Back\a1f63f45dcb11bc4cea5c7353aaf7c62.php 第 33 行.
NOTIC: [8] Undefined index: role_name C:\phpStudy\WWW\php41\shop\Runtime\Cache\Back\a1f63f45dcb11bc4cea5c7353aaf7c62.php 第 34 行.
NOTIC: [8] Undefined index: role_auth_ids C:\phpStudy\WWW\php41\shop\Runtime\Cache\Back\a1f63f45dcb11bc4cea5c7353aaf7c62.php 第 35 行.
NOTIC: [8] Undefined index: role_id C:\phpStudy\WWW\php41\shop\Runtime\Cache\Back\a1f63f45dcb11bc4cea5c7353aaf7c62.php 第 37 行.
NOTIC: [8] Undefined index: goods_id C:\phpStudy\WWW\php41\shop\Runtime\Cache\Back\a1f63f45dcb11bc4cea5c7353aaf7c62.php 第 32 行.
NOTIC: [8] Undefined index: role_id C:\phpStudy\WWW\php41\shop\Runtime\Cache\Back\a1f63f45dcb11bc4cea5c7353aaf7c62.php 第 33 行.
NOTIC: [8] Undefined index: role_name C:\phpStudy\WWW\php41\shop\Runtime\Cache\Back\a1f63f45dcb11bc4cea5c7353aaf7c62.php 第 34 行.
NOTIC: [8] Undefined index: role_auth_ids C:\phpStudy\WWW\php41\shop\Runtime\Cache\Back\a1f63f45dcb11bc4cea5c7353aaf7c62.php 第 35 行.
NOTIC: [8] Undefined index: role_id C:\phpStudy\WWW\php41\shop\Runtime\Cache\Back\a1f63f45dcb11bc4cea5c7353aaf7c62.php 第 37 行.
NOTIC: [8] Undefined index: goods_id C:\phpStudy\WWW\php41\shop\Runtime\Cache\Back\a1f63f45dcb11bc4cea5c7353aaf7c62.php 第 32 行.
NOTIC: [8] Undefined index: role_id C:\phpStudy\WWW\php41\shop\Runtime\Cache\Back\a1f63f45dcb11bc4cea5c7353aaf7c62.php 第 33 行.
NOTIC: [8] Undefined index: role_name C:\phpStudy\WWW\php41\shop\Runtime\Cache\Back\a1f63f45dcb11bc4cea5c7353aaf7c62.php 第 34 行.
NOTIC: [8] Undefined index: role_auth_ids C:\phpStudy\WWW\php41\shop\Runtime\Cache\Back\a1f63f45dcb11bc4cea5c7353aaf7c62.php 第 35 行.
NOTIC: [8] Undefined index: role_id C:\phpStudy\WWW\php41\shop\Runtime\Cache\Back\a1f63f45dcb11bc4cea5c7353aaf7c62.php 第 37 行.
NOTIC: [8] Undefined index: goods_id C:\phpStudy\WWW\php41\shop\Runtime\Cache\Back\a1f63f45dcb11bc4cea5c7353aaf7c62.php 第 32 行.
NOTIC: [8] Undefined index: role_id C:\phpStudy\WWW\php41\shop\Runtime\Cache\Back\a1f63f45dcb11bc4cea5c7353aaf7c62.php 第 33 行.
NOTIC: [8] Undefined index: role_name C:\phpStudy\WWW\php41\shop\Runtime\Cache\Back\a1f63f45dcb11bc4cea5c7353aaf7c62.php 第 34 行.
NOTIC: [8] Undefined index: role_auth_ids C:\phpStudy\WWW\php41\shop\Runtime\Cache\Back\a1f63f45dcb11bc4cea5c7353aaf7c62.php 第 35 行.
NOTIC: [8] Undefined index: role_id C:\phpStudy\WWW\php41\shop\Runtime\Cache\Back\a1f63f45dcb11bc4cea5c7353aaf7c62.php 第 37 行.
NOTIC: [8] Undefined index: goods_id C:\phpStudy\WWW\php41\shop\Runtime\Cache\Back\a1f63f45dcb11bc4cea5c7353aaf7c62.php 第 32 行.
NOTIC: [8] Undefined index: role_id C:\phpStudy\WWW\php41\shop\Runtime\Cache\Back\a1f63f45dcb11bc4cea5c7353aaf7c62.php 第 33 行.
NOTIC: [8] Undefined index: role_name C:\phpStudy\WWW\php41\shop\Runtime\Cache\Back\a1f63f45dcb11bc4cea5c7353aaf7c62.php 第 34 行.
NOTIC: [8] Undefined index: role_auth_ids C:\phpStudy\WWW\php41\shop\Runtime\Cache\Back\a1f63f45dcb11bc4cea5c7353aaf7c62.php 第 35 行.
NOTIC: [8] Undefined index: role_id C:\phpStudy\WWW\php41\shop\Runtime\Cache\Back\a1f63f45dcb11bc4cea5c7353aaf7c62.php 第 37 行.
NOTIC: [8] Undefined index: goods_id C:\phpStudy\WWW\php41\shop\Runtime\Cache\Back\a1f63f45dcb11bc4cea5c7353aaf7c62.php 第 32 行.
NOTIC: [8] Undefined index: role_id C:\phpStudy\WWW\php41\shop\Runtime\Cache\Back\a1f63f45dcb11bc4cea5c7353aaf7c62.php 第 33 行.
NOTIC: [8] Undefined index: role_name C:\phpStudy\WWW\php41\shop\Runtime\Cache\Back\a1f63f45dcb11bc4cea5c7353aaf7c62.php 第 34 行.
NOTIC: [8] Undefined index: role_auth_ids C:\phpStudy\WWW\php41\shop\Runtime\Cache\Back\a1f63f45dcb11bc4cea5c7353aaf7c62.php 第 35 行.
NOTIC: [8] Undefined index: role_id C:\phpStudy\WWW\php41\shop\Runtime\Cache\Back\a1f63f45dcb11bc4cea5c7353aaf7c62.php 第 37 行.
NOTIC: [8] Undefined index: goods_id C:\phpStudy\WWW\php41\shop\Runtime\Cache\Back\a1f63f45dcb11bc4cea5c7353aaf7c62.php 第 32 行.
NOTIC: [8] Undefined index: role_id C:\phpStudy\WWW\php41\shop\Runtime\Cache\Back\a1f63f45dcb11bc4cea5c7353aaf7c62.php 第 33 行.
NOTIC: [8] Undefined index: role_name C:\phpStudy\WWW\php41\shop\Runtime\Cache\Back\a1f63f45dcb11bc4cea5c7353aaf7c62.php 第 34 行.
NOTIC: [8] Undefined index: role_auth_ids C:\phpStudy\WWW\php41\shop\Runtime\Cache\Back\a1f63f45dcb11bc4cea5c7353aaf7c62.php 第 35 行.
NOTIC: [8] Undefined index: role_id C:\phpStudy\WWW\php41\shop\Runtime\Cache\Back\a1f63f45dcb11bc4cea5c7353aaf7c62.php 第 37 行.
NOTIC: [8] Undefined index: goods_id C:\phpStudy\WWW\php41\shop\Runtime\Cache\Back\a1f63f45dcb11bc4cea5c7353aaf7c62.php 第 32 行.
NOTIC: [8] Undefined index: role_id C:\phpStudy\WWW\php41\shop\Runtime\Cache\Back\a1f63f45dcb11bc4cea5c7353aaf7c62.php 第 33 行.
NOTIC: [8] Undefined index: role_name C:\phpStudy\WWW\php41\shop\Runtime\Cache\Back\a1f63f45dcb11bc4cea5c7353aaf7c62.php 第 34 行.
NOTIC: [8] Undefined index: role_auth_ids C:\phpStudy\WWW\php41\shop\Runtime\Cache\Back\a1f63f45dcb11bc4cea5c7353aaf7c62.php 第 35 行.
NOTIC: [8] Undefined index: role_id C:\phpStudy\WWW\php41\shop\Runtime\Cache\Back\a1f63f45dcb11bc4cea5c7353aaf7c62.php 第 37 行.
INFO: Run Behavior\ParseTemplateBehavior [ RunTime:0.009316s ]
INFO: [ view_parse ] --END-- [ RunTime:0.009358s ]
INFO: [ view_filter ] --START--
INFO: Run Behavior\WriteHtmlCacheBehavior [ RunTime:0.000316s ]
INFO: [ view_filter ] --END-- [ RunTime:0.000345s ]
INFO: [ app_end ] --START--
INFO: Run Behavior\ShowPageTraceBehavior [ RunTime:0.000561s ]
INFO: [ app_end ] --END-- [ RunTime:0.000594s ]

[ 2016-12-27T23:12:28+08:00 ] 127.0.0.1 /index.php/Back/Auth/showlist
INFO: [ app_init ] --START--
INFO: Run Behavior\BuildLiteBehavior [ RunTime:0.000013s ]
INFO: [ app_init ] --END-- [ RunTime:0.000471s ]
INFO: [ app_begin ] --START--
INFO: Run Behavior\ReadHtmlCacheBehavior [ RunTime:0.000557s ]
INFO: [ app_begin ] --END-- [ RunTime:0.000599s ]
SQL: SHOW COLUMNS FROM `php41_auth` [ RunTime:0.0333s ]
SQL: SELECT * FROM `php41_auth` ORDER BY auth_path  [ RunTime:0.0005s ]
INFO: [ view_parse ] --START--
INFO: [ template_filter ] --START--
INFO: Run Behavior\ContentReplaceBehavior [ RunTime:0.000032s ]
INFO: [ template_filter ] --END-- [ RunTime:0.000073s ]
NOTIC: [8] Undefined index: goods_id C:\phpStudy\WWW\php41\shop\Runtime\Cache\Back\a1f63f45dcb11bc4cea5c7353aaf7c62.php 第 32 行.
NOTIC: [8] Undefined index: role_auth_ids C:\phpStudy\WWW\php41\shop\Runtime\Cache\Back\a1f63f45dcb11bc4cea5c7353aaf7c62.php 第 35 行.
NOTIC: [8] Undefined index: role_id C:\phpStudy\WWW\php41\shop\Runtime\Cache\Back\a1f63f45dcb11bc4cea5c7353aaf7c62.php 第 37 行.
NOTIC: [8] Undefined index: goods_id C:\phpStudy\WWW\php41\shop\Runtime\Cache\Back\a1f63f45dcb11bc4cea5c7353aaf7c62.php 第 32 行.
NOTIC: [8] Undefined index: role_auth_ids C:\phpStudy\WWW\php41\shop\Runtime\Cache\Back\a1f63f45dcb11bc4cea5c7353aaf7c62.php 第 35 行.
NOTIC: [8] Undefined index: role_id C:\phpStudy\WWW\php41\shop\Runtime\Cache\Back\a1f63f45dcb11bc4cea5c7353aaf7c62.php 第 37 行.
NOTIC: [8] Undefined index: goods_id C:\phpStudy\WWW\php41\shop\Runtime\Cache\Back\a1f63f45dcb11bc4cea5c7353aaf7c62.php 第 32 行.
NOTIC: [8] Undefined index: role_auth_ids C:\phpStudy\WWW\php41\shop\Runtime\Cache\Back\a1f63f45dcb11bc4cea5c7353aaf7c62.php 第 35 行.
NOTIC: [8] Undefined index: role_id C:\phpStudy\WWW\php41\shop\Runtime\Cache\Back\a1f63f45dcb11bc4cea5c7353aaf7c62.php 第 37 行.
NOTIC: [8] Undefined index: goods_id C:\phpStudy\WWW\php41\shop\Runtime\Cache\Back\a1f63f45dcb11bc4cea5c7353aaf7c62.php 第 32 行.
NOTIC: [8] Undefined index: role_auth_ids C:\phpStudy\WWW\php41\shop\Runtime\Cache\Back\a1f63f45dcb11bc4cea5c7353aaf7c62.php 第 35 行.
NOTIC: [8] Undefined index: role_id C:\phpStudy\WWW\php41\shop\Runtime\Cache\Back\a1f63f45dcb11bc4cea5c7353aaf7c62.php 第 37 行.
NOTIC: [8] Undefined index: goods_id C:\phpStudy\WWW\php41\shop\Runtime\Cache\Back\a1f63f45dcb11bc4cea5c7353aaf7c62.php 第 32 行.
NOTIC: [8] Undefined index: role_auth_ids C:\phpStudy\WWW\php41\shop\Runtime\Cache\Back\a1f63f45dcb11bc4cea5c7353aaf7c62.php 第 35 行.
NOTIC: [8] Undefined index: role_id C:\phpStudy\WWW\php41\shop\Runtime\Cache\Back\a1f63f45dcb11bc4cea5c7353aaf7c62.php 第 37 行.
NOTIC: [8] Undefined index: goods_id C:\phpStudy\WWW\php41\shop\Runtime\Cache\Back\a1f63f45dcb11bc4cea5c7353aaf7c62.php 第 32 行.
NOTIC: [8] Undefined index: role_auth_ids C:\phpStudy\WWW\php41\shop\Runtime\Cache\Back\a1f63f45dcb11bc4cea5c7353aaf7c62.php 第 35 行.
NOTIC: [8] Undefined index: role_id C:\phpStudy\WWW\php41\shop\Runtime\Cache\Back\a1f63f45dcb11bc4cea5c7353aaf7c62.php 第 37 行.
NOTIC: [8] Undefined index: goods_id C:\phpStudy\WWW\php41\shop\Runtime\Cache\Back\a1f63f45dcb11bc4cea5c7353aaf7c62.php 第 32 行.
NOTIC: [8] Undefined index: role_auth_ids C:\phpStudy\WWW\php41\shop\Runtime\Cache\Back\a1f63f45dcb11bc4cea5c7353aaf7c62.php 第 35 行.
NOTIC: [8] Undefined index: role_id C:\phpStudy\WWW\php41\shop\Runtime\Cache\Back\a1f63f45dcb11bc4cea5c7353aaf7c62.php 第 37 行.
NOTIC: [8] Undefined index: goods_id C:\phpStudy\WWW\php41\shop\Runtime\Cache\Back\a1f63f45dcb11bc4cea5c7353aaf7c62.php 第 32 行.
NOTIC: [8] Undefined index: role_auth_ids C:\phpStudy\WWW\php41\shop\Runtime\Cache\Back\a1f63f45dcb11bc4cea5c7353aaf7c62.php 第 35 行.
NOTIC: [8] Undefined index: role_id C:\phpStudy\WWW\php41\shop\Runtime\Cache\Back\a1f63f45dcb11bc4cea5c7353aaf7c62.php 第 37 行.
NOTIC: [8] Undefined index: goods_id C:\phpStudy\WWW\php41\shop\Runtime\Cache\Back\a1f63f45dcb11bc4cea5c7353aaf7c62.php 第 32 行.
NOTIC: [8] Undefined index: role_auth_ids C:\phpStudy\WWW\php41\shop\Runtime\Cache\Back\a1f63f45dcb11bc4cea5c7353aaf7c62.php 第 35 行.
NOTIC: [8] Undefined index: role_id C:\phpStudy\WWW\php41\shop\Runtime\Cache\Back\a1f63f45dcb11bc4cea5c7353aaf7c62.php 第 37 行.
NOTIC: [8] Undefined index: goods_id C:\phpStudy\WWW\php41\shop\Runtime\Cache\Back\a1f63f45dcb11bc4cea5c7353aaf7c62.php 第 32 行.
NOTIC: [8] Undefined index: role_auth_ids C:\phpStudy\WWW\php41\shop\Runtime\Cache\Back\a1f63f45dcb11bc4cea5c7353aaf7c62.php 第 35 行.
NOTIC: [8] Undefined index: role_id C:\phpStudy\WWW\php41\shop\Runtime\Cache\Back\a1f63f45dcb11bc4cea5c7353aaf7c62.php 第 37 行.
NOTIC: [8] Undefined index: goods_id C:\phpStudy\WWW\php41\shop\Runtime\Cache\Back\a1f63f45dcb11bc4cea5c7353aaf7c62.php 第 32 行.
NOTIC: [8] Undefined index: role_auth_ids C:\phpStudy\WWW\php41\shop\Runtime\Cache\Back\a1f63f45dcb11bc4cea5c7353aaf7c62.php 第 35 行.
NOTIC: [8] Undefined index: role_id C:\phpStudy\WWW\php41\shop\Runtime\Cache\Back\a1f63f45dcb11bc4cea5c7353aaf7c62.php 第 37 行.
NOTIC: [8] Undefined index: goods_id C:\phpStudy\WWW\php41\shop\Runtime\Cache\Back\a1f63f45dcb11bc4cea5c7353aaf7c62.php 第 32 行.
NOTIC: [8] Undefined index: role_auth_ids C:\phpStudy\WWW\php41\shop\Runtime\Cache\Back\a1f63f45dcb11bc4cea5c7353aaf7c62.php 第 35 行.
NOTIC: [8] Undefined index: role_id C:\phpStudy\WWW\php41\shop\Runtime\Cache\Back\a1f63f45dcb11bc4cea5c7353aaf7c62.php 第 37 行.
NOTIC: [8] Undefined index: goods_id C:\phpStudy\WWW\php41\shop\Runtime\Cache\Back\a1f63f45dcb11bc4cea5c7353aaf7c62.php 第 32 行.
NOTIC: [8] Undefined index: role_auth_ids C:\phpStudy\WWW\php41\shop\Runtime\Cache\Back\a1f63f45dcb11bc4cea5c7353aaf7c62.php 第 35 行.
NOTIC: [8] Undefined index: role_id C:\phpStudy\WWW\php41\shop\Runtime\Cache\Back\a1f63f45dcb11bc4cea5c7353aaf7c62.php 第 37 行.
NOTIC: [8] Undefined index: goods_id C:\phpStudy\WWW\php41\shop\Runtime\Cache\Back\a1f63f45dcb11bc4cea5c7353aaf7c62.php 第 32 行.
NOTIC: [8] Undefined index: role_auth_ids C:\phpStudy\WWW\php41\shop\Runtime\Cache\Back\a1f63f45dcb11bc4cea5c7353aaf7c62.php 第 35 行.
NOTIC: [8] Undefined index: role_id C:\phpStudy\WWW\php41\shop\Runtime\Cache\Back\a1f63f45dcb11bc4cea5c7353aaf7c62.php 第 37 行.
INFO: Run Behavior\ParseTemplateBehavior [ RunTime:0.018728s ]
INFO: [ view_parse ] --END-- [ RunTime:0.018769s ]
INFO: [ view_filter ] --START--
INFO: Run Behavior\WriteHtmlCacheBehavior [ RunTime:0.000349s ]
INFO: [ view_filter ] --END-- [ RunTime:0.000378s ]
INFO: [ app_end ] --START--
INFO: Run Behavior\ShowPageTraceBehavior [ RunTime:0.000514s ]
INFO: [ app_end ] --END-- [ RunTime:0.000545s ]

[ 2016-12-27T23:13:33+08:00 ] 127.0.0.1 /index.php/Back/Auth/showlist
INFO: [ app_init ] --START--
INFO: Run Behavior\BuildLiteBehavior [ RunTime:0.000016s ]
INFO: [ app_init ] --END-- [ RunTime:0.001501s ]
INFO: [ app_begin ] --START--
INFO: Run Behavior\ReadHtmlCacheBehavior [ RunTime:0.014783s ]
INFO: [ app_begin ] --END-- [ RunTime:0.014843s ]
SQL: SHOW COLUMNS FROM `php41_auth` [ RunTime:0.0112s ]
SQL: SELECT * FROM `php41_auth` ORDER BY auth_path  [ RunTime:0.0004s ]
INFO: [ view_parse ] --START--
INFO: [ template_filter ] --START--
INFO: Run Behavior\ContentReplaceBehavior [ RunTime:0.000035s ]
INFO: [ template_filter ] --END-- [ RunTime:0.000084s ]
NOTIC: [8] Undefined index: goods_id C:\phpStudy\WWW\php41\shop\Runtime\Cache\Back\a1f63f45dcb11bc4cea5c7353aaf7c62.php 第 33 行.
NOTIC: [8] Undefined index: goods_id C:\phpStudy\WWW\php41\shop\Runtime\Cache\Back\a1f63f45dcb11bc4cea5c7353aaf7c62.php 第 33 行.
NOTIC: [8] Undefined index: goods_id C:\phpStudy\WWW\php41\shop\Runtime\Cache\Back\a1f63f45dcb11bc4cea5c7353aaf7c62.php 第 33 行.
NOTIC: [8] Undefined index: goods_id C:\phpStudy\WWW\php41\shop\Runtime\Cache\Back\a1f63f45dcb11bc4cea5c7353aaf7c62.php 第 33 行.
NOTIC: [8] Undefined index: goods_id C:\phpStudy\WWW\php41\shop\Runtime\Cache\Back\a1f63f45dcb11bc4cea5c7353aaf7c62.php 第 33 行.
NOTIC: [8] Undefined index: goods_id C:\phpStudy\WWW\php41\shop\Runtime\Cache\Back\a1f63f45dcb11bc4cea5c7353aaf7c62.php 第 33 行.
NOTIC: [8] Undefined index: goods_id C:\phpStudy\WWW\php41\shop\Runtime\Cache\Back\a1f63f45dcb11bc4cea5c7353aaf7c62.php 第 33 行.
NOTIC: [8] Undefined index: goods_id C:\phpStudy\WWW\php41\shop\Runtime\Cache\Back\a1f63f45dcb11bc4cea5c7353aaf7c62.php 第 33 行.
NOTIC: [8] Undefined index: goods_id C:\phpStudy\WWW\php41\shop\Runtime\Cache\Back\a1f63f45dcb11bc4cea5c7353aaf7c62.php 第 33 行.
NOTIC: [8] Undefined index: goods_id C:\phpStudy\WWW\php41\shop\Runtime\Cache\Back\a1f63f45dcb11bc4cea5c7353aaf7c62.php 第 33 行.
NOTIC: [8] Undefined index: goods_id C:\phpStudy\WWW\php41\shop\Runtime\Cache\Back\a1f63f45dcb11bc4cea5c7353aaf7c62.php 第 33 行.
NOTIC: [8] Undefined index: goods_id C:\phpStudy\WWW\php41\shop\Runtime\Cache\Back\a1f63f45dcb11bc4cea5c7353aaf7c62.php 第 33 行.
NOTIC: [8] Undefined index: goods_id C:\phpStudy\WWW\php41\shop\Runtime\Cache\Back\a1f63f45dcb11bc4cea5c7353aaf7c62.php 第 33 行.
NOTIC: [8] Undefined index: goods_id C:\phpStudy\WWW\php41\shop\Runtime\Cache\Back\a1f63f45dcb11bc4cea5c7353aaf7c62.php 第 33 行.
INFO: Run Behavior\ParseTemplateBehavior [ RunTime:0.110793s ]
INFO: [ view_parse ] --END-- [ RunTime:0.110837s ]
INFO: [ view_filter ] --START--
INFO: Run Behavior\WriteHtmlCacheBehavior [ RunTime:0.012592s ]
INFO: [ view_filter ] --END-- [ RunTime:0.012638s ]
INFO: [ app_end ] --START--
INFO: Run Behavior\ShowPageTraceBehavior [ RunTime:0.009771s ]
INFO: [ app_end ] --END-- [ RunTime:0.009817s ]

[ 2016-12-27T23:13:35+08:00 ] 127.0.0.1 /index.php/Back/Auth/showlist
INFO: [ app_init ] --START--
INFO: Run Behavior\BuildLiteBehavior [ RunTime:0.000012s ]
INFO: [ app_init ] --END-- [ RunTime:0.000310s ]
INFO: [ app_begin ] --START--
INFO: Run Behavior\ReadHtmlCacheBehavior [ RunTime:0.000442s ]
INFO: [ app_begin ] --END-- [ RunTime:0.000482s ]
SQL: SHOW COLUMNS FROM `php41_auth` [ RunTime:0.0347s ]
SQL: SELECT * FROM `php41_auth` ORDER BY auth_path  [ RunTime:0.0005s ]
INFO: [ view_parse ] --START--
INFO: [ template_filter ] --START--
INFO: Run Behavior\ContentReplaceBehavior [ RunTime:0.000031s ]
INFO: [ template_filter ] --END-- [ RunTime:0.000070s ]
NOTIC: [8] Undefined index: goods_id C:\phpStudy\WWW\php41\shop\Runtime\Cache\Back\a1f63f45dcb11bc4cea5c7353aaf7c62.php 第 33 行.
NOTIC: [8] Undefined index: goods_id C:\phpStudy\WWW\php41\shop\Runtime\Cache\Back\a1f63f45dcb11bc4cea5c7353aaf7c62.php 第 33 行.
NOTIC: [8] Undefined index: goods_id C:\phpStudy\WWW\php41\shop\Runtime\Cache\Back\a1f63f45dcb11bc4cea5c7353aaf7c62.php 第 33 行.
NOTIC: [8] Undefined index: goods_id C:\phpStudy\WWW\php41\shop\Runtime\Cache\Back\a1f63f45dcb11bc4cea5c7353aaf7c62.php 第 33 行.
NOTIC: [8] Undefined index: goods_id C:\phpStudy\WWW\php41\shop\Runtime\Cache\Back\a1f63f45dcb11bc4cea5c7353aaf7c62.php 第 33 行.
NOTIC: [8] Undefined index: goods_id C:\phpStudy\WWW\php41\shop\Runtime\Cache\Back\a1f63f45dcb11bc4cea5c7353aaf7c62.php 第 33 行.
NOTIC: [8] Undefined index: goods_id C:\phpStudy\WWW\php41\shop\Runtime\Cache\Back\a1f63f45dcb11bc4cea5c7353aaf7c62.php 第 33 行.
NOTIC: [8] Undefined index: goods_id C:\phpStudy\WWW\php41\shop\Runtime\Cache\Back\a1f63f45dcb11bc4cea5c7353aaf7c62.php 第 33 行.
NOTIC: [8] Undefined index: goods_id C:\phpStudy\WWW\php41\shop\Runtime\Cache\Back\a1f63f45dcb11bc4cea5c7353aaf7c62.php 第 33 行.
NOTIC: [8] Undefined index: goods_id C:\phpStudy\WWW\php41\shop\Runtime\Cache\Back\a1f63f45dcb11bc4cea5c7353aaf7c62.php 第 33 行.
NOTIC: [8] Undefined index: goods_id C:\phpStudy\WWW\php41\shop\Runtime\Cache\Back\a1f63f45dcb11bc4cea5c7353aaf7c62.php 第 33 行.
NOTIC: [8] Undefined index: goods_id C:\phpStudy\WWW\php41\shop\Runtime\Cache\Back\a1f63f45dcb11bc4cea5c7353aaf7c62.php 第 33 行.
NOTIC: [8] Undefined index: goods_id C:\phpStudy\WWW\php41\shop\Runtime\Cache\Back\a1f63f45dcb11bc4cea5c7353aaf7c62.php 第 33 行.
NOTIC: [8] Undefined index: goods_id C:\phpStudy\WWW\php41\shop\Runtime\Cache\Back\a1f63f45dcb11bc4cea5c7353aaf7c62.php 第 33 行.
INFO: Run Behavior\ParseTemplateBehavior [ RunTime:0.007246s ]
INFO: [ view_parse ] --END-- [ RunTime:0.007286s ]
INFO: [ view_filter ] --START--
INFO: Run Behavior\WriteHtmlCacheBehavior [ RunTime:0.000228s ]
INFO: [ view_filter ] --END-- [ RunTime:0.000257s ]
INFO: [ app_end ] --START--
INFO: Run Behavior\ShowPageTraceBehavior [ RunTime:0.000479s ]
INFO: [ app_end ] --END-- [ RunTime:0.000509s ]

[ 2016-12-27T23:15:01+08:00 ] 127.0.0.1 /index.php/Back/Auth/showlist
INFO: [ app_init ] --START--
INFO: Run Behavior\BuildLiteBehavior [ RunTime:0.000014s ]
INFO: [ app_init ] --END-- [ RunTime:0.000352s ]
INFO: [ app_begin ] --START--
INFO: Run Behavior\ReadHtmlCacheBehavior [ RunTime:0.000474s ]
INFO: [ app_begin ] --END-- [ RunTime:0.000514s ]
SQL: SHOW COLUMNS FROM `php41_auth` [ RunTime:0.0374s ]
SQL: SELECT * FROM `php41_auth` ORDER BY auth_path  [ RunTime:0.0005s ]
INFO: [ view_parse ] --START--
INFO: [ template_filter ] --START--
INFO: Run Behavior\ContentReplaceBehavior [ RunTime:0.000031s ]
INFO: [ template_filter ] --END-- [ RunTime:0.000071s ]
NOTIC: [8] Undefined index: goods_id C:\phpStudy\WWW\php41\shop\Runtime\Cache\Back\a1f63f45dcb11bc4cea5c7353aaf7c62.php 第 33 行.
NOTIC: [8] Undefined index: goods_id C:\phpStudy\WWW\php41\shop\Runtime\Cache\Back\a1f63f45dcb11bc4cea5c7353aaf7c62.php 第 33 行.
NOTIC: [8] Undefined index: goods_id C:\phpStudy\WWW\php41\shop\Runtime\Cache\Back\a1f63f45dcb11bc4cea5c7353aaf7c62.php 第 33 行.
NOTIC: [8] Undefined index: goods_id C:\phpStudy\WWW\php41\shop\Runtime\Cache\Back\a1f63f45dcb11bc4cea5c7353aaf7c62.php 第 33 行.
NOTIC: [8] Undefined index: goods_id C:\phpStudy\WWW\php41\shop\Runtime\Cache\Back\a1f63f45dcb11bc4cea5c7353aaf7c62.php 第 33 行.
NOTIC: [8] Undefined index: goods_id C:\phpStudy\WWW\php41\shop\Runtime\Cache\Back\a1f63f45dcb11bc4cea5c7353aaf7c62.php 第 33 行.
NOTIC: [8] Undefined index: goods_id C:\phpStudy\WWW\php41\shop\Runtime\Cache\Back\a1f63f45dcb11bc4cea5c7353aaf7c62.php 第 33 行.
NOTIC: [8] Undefined index: goods_id C:\phpStudy\WWW\php41\shop\Runtime\Cache\Back\a1f63f45dcb11bc4cea5c7353aaf7c62.php 第 33 行.
NOTIC: [8] Undefined index: goods_id C:\phpStudy\WWW\php41\shop\Runtime\Cache\Back\a1f63f45dcb11bc4cea5c7353aaf7c62.php 第 33 行.
NOTIC: [8] Undefined index: goods_id C:\phpStudy\WWW\php41\shop\Runtime\Cache\Back\a1f63f45dcb11bc4cea5c7353aaf7c62.php 第 33 行.
NOTIC: [8] Undefined index: goods_id C:\phpStudy\WWW\php41\shop\Runtime\Cache\Back\a1f63f45dcb11bc4cea5c7353aaf7c62.php 第 33 行.
NOTIC: [8] Undefined index: goods_id C:\phpStudy\WWW\php41\shop\Runtime\Cache\Back\a1f63f45dcb11bc4cea5c7353aaf7c62.php 第 33 行.
NOTIC: [8] Undefined index: goods_id C:\phpStudy\WWW\php41\shop\Runtime\Cache\Back\a1f63f45dcb11bc4cea5c7353aaf7c62.php 第 33 行.
NOTIC: [8] Undefined index: goods_id C:\phpStudy\WWW\php41\shop\Runtime\Cache\Back\a1f63f45dcb11bc4cea5c7353aaf7c62.php 第 33 行.
INFO: Run Behavior\ParseTemplateBehavior [ RunTime:0.008074s ]
INFO: [ view_parse ] --END-- [ RunTime:0.008115s ]
INFO: [ view_filter ] --START--
INFO: Run Behavior\WriteHtmlCacheBehavior [ RunTime:0.000268s ]
INFO: [ view_filter ] --END-- [ RunTime:0.000317s ]
INFO: [ app_end ] --START--
INFO: Run Behavior\ShowPageTraceBehavior [ RunTime:0.000446s ]
INFO: [ app_end ] --END-- [ RunTime:0.000477s ]

[ 2016-12-27T23:19:06+08:00 ] 127.0.0.1 /index.php/Back/Auth/showlist
INFO: [ app_init ] --START--
INFO: Run Behavior\BuildLiteBehavior [ RunTime:0.000013s ]
INFO: [ app_init ] --END-- [ RunTime:0.000372s ]
INFO: [ app_begin ] --START--
INFO: Run Behavior\ReadHtmlCacheBehavior [ RunTime:0.000606s ]
INFO: [ app_begin ] --END-- [ RunTime:0.000649s ]
SQL: SHOW COLUMNS FROM `php41_auth` [ RunTime:0.0341s ]
SQL: SELECT * FROM `php41_auth` ORDER BY auth_path  [ RunTime:0.0005s ]
INFO: [ view_parse ] --START--
INFO: [ template_filter ] --START--
INFO: Run Behavior\ContentReplaceBehavior [ RunTime:0.000048s ]
INFO: [ template_filter ] --END-- [ RunTime:0.000108s ]
NOTIC: [8] Undefined index: goods_id C:\phpStudy\WWW\php41\shop\Runtime\Cache\Back\a1f63f45dcb11bc4cea5c7353aaf7c62.php 第 33 行.
NOTIC: [8] Undefined index: goods_id C:\phpStudy\WWW\php41\shop\Runtime\Cache\Back\a1f63f45dcb11bc4cea5c7353aaf7c62.php 第 33 行.
NOTIC: [8] Undefined index: goods_id C:\phpStudy\WWW\php41\shop\Runtime\Cache\Back\a1f63f45dcb11bc4cea5c7353aaf7c62.php 第 33 行.
NOTIC: [8] Undefined index: goods_id C:\phpStudy\WWW\php41\shop\Runtime\Cache\Back\a1f63f45dcb11bc4cea5c7353aaf7c62.php 第 33 行.
NOTIC: [8] Undefined index: goods_id C:\phpStudy\WWW\php41\shop\Runtime\Cache\Back\a1f63f45dcb11bc4cea5c7353aaf7c62.php 第 33 行.
NOTIC: [8] Undefined index: goods_id C:\phpStudy\WWW\php41\shop\Runtime\Cache\Back\a1f63f45dcb11bc4cea5c7353aaf7c62.php 第 33 行.
NOTIC: [8] Undefined index: goods_id C:\phpStudy\WWW\php41\shop\Runtime\Cache\Back\a1f63f45dcb11bc4cea5c7353aaf7c62.php 第 33 行.
NOTIC: [8] Undefined index: goods_id C:\phpStudy\WWW\php41\shop\Runtime\Cache\Back\a1f63f45dcb11bc4cea5c7353aaf7c62.php 第 33 行.
NOTIC: [8] Undefined index: goods_id C:\phpStudy\WWW\php41\shop\Runtime\Cache\Back\a1f63f45dcb11bc4cea5c7353aaf7c62.php 第 33 行.
NOTIC: [8] Undefined index: goods_id C:\phpStudy\WWW\php41\shop\Runtime\Cache\Back\a1f63f45dcb11bc4cea5c7353aaf7c62.php 第 33 行.
NOTIC: [8] Undefined index: goods_id C:\phpStudy\WWW\php41\shop\Runtime\Cache\Back\a1f63f45dcb11bc4cea5c7353aaf7c62.php 第 33 行.
NOTIC: [8] Undefined index: goods_id C:\phpStudy\WWW\php41\shop\Runtime\Cache\Back\a1f63f45dcb11bc4cea5c7353aaf7c62.php 第 33 行.
NOTIC: [8] Undefined index: goods_id C:\phpStudy\WWW\php41\shop\Runtime\Cache\Back\a1f63f45dcb11bc4cea5c7353aaf7c62.php 第 33 行.
NOTIC: [8] Undefined index: goods_id C:\phpStudy\WWW\php41\shop\Runtime\Cache\Back\a1f63f45dcb11bc4cea5c7353aaf7c62.php 第 33 行.
INFO: Run Behavior\ParseTemplateBehavior [ RunTime:0.008645s ]
INFO: [ view_parse ] --END-- [ RunTime:0.008703s ]
INFO: [ view_filter ] --START--
INFO: Run Behavior\WriteHtmlCacheBehavior [ RunTime:0.000366s ]
INFO: [ view_filter ] --END-- [ RunTime:0.000396s ]
INFO: [ app_end ] --START--
INFO: Run Behavior\ShowPageTraceBehavior [ RunTime:0.000507s ]
INFO: [ app_end ] --END-- [ RunTime:0.000539s ]

[ 2016-12-27T23:19:08+08:00 ] 127.0.0.1 /index.php/Back/Auth/tianjia.html
INFO: [ app_init ] --START--
INFO: Run Behavior\BuildLiteBehavior [ RunTime:0.000014s ]
INFO: [ app_init ] --END-- [ RunTime:0.000370s ]
INFO: [ app_begin ] --START--
INFO: Run Behavior\ReadHtmlCacheBehavior [ RunTime:0.000475s ]
INFO: [ app_begin ] --END-- [ RunTime:0.000529s ]
SQL: SHOW COLUMNS FROM `php41_auth` [ RunTime:0.0329s ]
SQL: SELECT * FROM `php41_auth` WHERE `auth_level` IN ('0','1') ORDER BY auth_path  [ RunTime:0.0017s ]
INFO: [ view_parse ] --START--
INFO: [ template_filter ] --START--
INFO: Run Behavior\ContentReplaceBehavior [ RunTime:0.000033s ]
INFO: [ template_filter ] --END-- [ RunTime:0.000074s ]
INFO: Run Behavior\ParseTemplateBehavior [ RunTime:0.017851s ]
INFO: [ view_parse ] --END-- [ RunTime:0.017908s ]
INFO: [ view_filter ] --START--
INFO: Run Behavior\WriteHtmlCacheBehavior [ RunTime:0.000274s ]
INFO: [ view_filter ] --END-- [ RunTime:0.000303s ]
INFO: [ app_end ] --START--
INFO: Run Behavior\ShowPageTraceBehavior [ RunTime:0.000444s ]
INFO: [ app_end ] --END-- [ RunTime:0.000476s ]

[ 2016-12-27T23:19:14+08:00 ] 127.0.0.1 /index.php/Back/Auth/showlist.html
INFO: [ app_init ] --START--
INFO: Run Behavior\BuildLiteBehavior [ RunTime:0.000011s ]
INFO: [ app_init ] --END-- [ RunTime:0.000287s ]
INFO: [ app_begin ] --START--
INFO: Run Behavior\ReadHtmlCacheBehavior [ RunTime:0.000480s ]
INFO: [ app_begin ] --END-- [ RunTime:0.000520s ]
SQL: SHOW COLUMNS FROM `php41_auth` [ RunTime:0.0107s ]
SQL: SELECT * FROM `php41_auth` ORDER BY auth_path  [ RunTime:0.0004s ]
INFO: [ view_parse ] --START--
INFO: [ template_filter ] --START--
INFO: Run Behavior\ContentReplaceBehavior [ RunTime:0.000030s ]
INFO: [ template_filter ] --END-- [ RunTime:0.000068s ]
NOTIC: [8] Undefined index: goods_id C:\phpStudy\WWW\php41\shop\Runtime\Cache\Back\a1f63f45dcb11bc4cea5c7353aaf7c62.php 第 33 行.
NOTIC: [8] Undefined index: goods_id C:\phpStudy\WWW\php41\shop\Runtime\Cache\Back\a1f63f45dcb11bc4cea5c7353aaf7c62.php 第 33 行.
NOTIC: [8] Undefined index: goods_id C:\phpStudy\WWW\php41\shop\Runtime\Cache\Back\a1f63f45dcb11bc4cea5c7353aaf7c62.php 第 33 行.
NOTIC: [8] Undefined index: goods_id C:\phpStudy\WWW\php41\shop\Runtime\Cache\Back\a1f63f45dcb11bc4cea5c7353aaf7c62.php 第 33 行.
NOTIC: [8] Undefined index: goods_id C:\phpStudy\WWW\php41\shop\Runtime\Cache\Back\a1f63f45dcb11bc4cea5c7353aaf7c62.php 第 33 行.
NOTIC: [8] Undefined index: goods_id C:\phpStudy\WWW\php41\shop\Runtime\Cache\Back\a1f63f45dcb11bc4cea5c7353aaf7c62.php 第 33 行.
NOTIC: [8] Undefined index: goods_id C:\phpStudy\WWW\php41\shop\Runtime\Cache\Back\a1f63f45dcb11bc4cea5c7353aaf7c62.php 第 33 行.
NOTIC: [8] Undefined index: goods_id C:\phpStudy\WWW\php41\shop\Runtime\Cache\Back\a1f63f45dcb11bc4cea5c7353aaf7c62.php 第 33 行.
NOTIC: [8] Undefined index: goods_id C:\phpStudy\WWW\php41\shop\Runtime\Cache\Back\a1f63f45dcb11bc4cea5c7353aaf7c62.php 第 33 行.
NOTIC: [8] Undefined index: goods_id C:\phpStudy\WWW\php41\shop\Runtime\Cache\Back\a1f63f45dcb11bc4cea5c7353aaf7c62.php 第 33 行.
NOTIC: [8] Undefined index: goods_id C:\phpStudy\WWW\php41\shop\Runtime\Cache\Back\a1f63f45dcb11bc4cea5c7353aaf7c62.php 第 33 行.
NOTIC: [8] Undefined index: goods_id C:\phpStudy\WWW\php41\shop\Runtime\Cache\Back\a1f63f45dcb11bc4cea5c7353aaf7c62.php 第 33 行.
NOTIC: [8] Undefined index: goods_id C:\phpStudy\WWW\php41\shop\Runtime\Cache\Back\a1f63f45dcb11bc4cea5c7353aaf7c62.php 第 33 行.
NOTIC: [8] Undefined index: goods_id C:\phpStudy\WWW\php41\shop\Runtime\Cache\Back\a1f63f45dcb11bc4cea5c7353aaf7c62.php 第 33 行.
INFO: Run Behavior\ParseTemplateBehavior [ RunTime:0.017415s ]
INFO: [ view_parse ] --END-- [ RunTime:0.017453s ]
INFO: [ view_filter ] --START--
INFO: Run Behavior\WriteHtmlCacheBehavior [ RunTime:0.000225s ]
INFO: [ view_filter ] --END-- [ RunTime:0.000255s ]
INFO: [ app_end ] --START--
INFO: Run Behavior\ShowPageTraceBehavior [ RunTime:0.000480s ]
INFO: [ app_end ] --END-- [ RunTime:0.000532s ]

[ 2016-12-27T23:26:45+08:00 ] 127.0.0.1 /index.php/Back/Index/index.html
INFO: [ app_init ] --START--
INFO: Run Behavior\BuildLiteBehavior [ RunTime:0.000012s ]
INFO: [ app_init ] --END-- [ RunTime:0.000361s ]
INFO: [ app_begin ] --START--
INFO: Run Behavior\ReadHtmlCacheBehavior [ RunTime:0.000675s ]
INFO: [ app_begin ] --END-- [ RunTime:0.000743s ]
INFO: [ view_parse ] --START--
INFO: [ template_filter ] --START--
INFO: Run Behavior\ContentReplaceBehavior [ RunTime:0.000046s ]
INFO: [ template_filter ] --END-- [ RunTime:0.000114s ]
INFO: Run Behavior\ParseTemplateBehavior [ RunTime:0.018468s ]
INFO: [ view_parse ] --END-- [ RunTime:0.018548s ]
INFO: [ view_filter ] --START--
INFO: Run Behavior\WriteHtmlCacheBehavior [ RunTime:0.000375s ]
INFO: [ view_filter ] --END-- [ RunTime:0.000407s ]
INFO: [ app_end ] --START--
INFO: Run Behavior\ShowPageTraceBehavior [ RunTime:0.000646s ]
INFO: [ app_end ] --END-- [ RunTime:0.000685s ]

[ 2016-12-27T23:26:45+08:00 ] 127.0.0.1 /index.php/Back/Index/head.html
INFO: [ app_init ] --START--
INFO: Run Behavior\BuildLiteBehavior [ RunTime:0.000018s ]
INFO: [ app_init ] --END-- [ RunTime:0.000411s ]
INFO: [ app_begin ] --START--
INFO: Run Behavior\ReadHtmlCacheBehavior [ RunTime:0.000881s ]
INFO: [ app_begin ] --END-- [ RunTime:0.000955s ]
INFO: [ view_parse ] --START--
INFO: [ template_filter ] --START--
INFO: Run Behavior\ContentReplaceBehavior [ RunTime:0.000038s ]
INFO: [ template_filter ] --END-- [ RunTime:0.000089s ]
INFO: Run Behavior\ParseTemplateBehavior [ RunTime:0.017597s ]
INFO: [ view_parse ] --END-- [ RunTime:0.017672s ]
INFO: [ view_filter ] --START--
INFO: Run Behavior\WriteHtmlCacheBehavior [ RunTime:0.000373s ]
INFO: [ view_filter ] --END-- [ RunTime:0.000423s ]
INFO: [ app_end ] --START--
INFO: Run Behavior\ShowPageTraceBehavior [ RunTime:0.000757s ]
INFO: [ app_end ] --END-- [ RunTime:0.000816s ]

[ 2016-12-27T23:26:46+08:00 ] 127.0.0.1 /index.php/Back/Index/left.html
INFO: [ app_init ] --START--
INFO: Run Behavior\BuildLiteBehavior [ RunTime:0.000015s ]
INFO: [ app_init ] --END-- [ RunTime:0.000434s ]
INFO: [ app_begin ] --START--
INFO: Run Behavior\ReadHtmlCacheBehavior [ RunTime:0.000780s ]
INFO: [ app_begin ] --END-- [ RunTime:0.000838s ]
SQL: SHOW COLUMNS FROM `php41_auth` [ RunTime:0.0374s ]
SQL: SELECT * FROM `php41_auth` WHERE ( auth_level=0 )  [ RunTime:0.0004s ]
SQL: SELECT * FROM `php41_auth` WHERE ( auth_level=1 )  [ RunTime:0.0003s ]
INFO: [ view_parse ] --START--
INFO: [ template_filter ] --START--
INFO: Run Behavior\ContentReplaceBehavior [ RunTime:0.000040s ]
INFO: [ template_filter ] --END-- [ RunTime:0.000082s ]
INFO: Run Behavior\ParseTemplateBehavior [ RunTime:0.038013s ]
INFO: [ view_parse ] --END-- [ RunTime:0.038080s ]
INFO: [ view_filter ] --START--
INFO: Run Behavior\WriteHtmlCacheBehavior [ RunTime:0.000357s ]
INFO: [ view_filter ] --END-- [ RunTime:0.000390s ]
INFO: [ app_end ] --START--
INFO: Run Behavior\ShowPageTraceBehavior [ RunTime:0.000934s ]
INFO: [ app_end ] --END-- [ RunTime:0.001006s ]

[ 2016-12-27T23:26:46+08:00 ] 127.0.0.1 /index.php/Back/Index/right.html
INFO: [ app_init ] --START--
INFO: Run Behavior\BuildLiteBehavior [ RunTime:0.000014s ]
INFO: [ app_init ] --END-- [ RunTime:0.000465s ]
INFO: [ app_begin ] --START--
INFO: Run Behavior\ReadHtmlCacheBehavior [ RunTime:0.000683s ]
INFO: [ app_begin ] --END-- [ RunTime:0.000740s ]
INFO: [ view_parse ] --START--
INFO: [ template_filter ] --START--
INFO: Run Behavior\ContentReplaceBehavior [ RunTime:0.000053s ]
INFO: [ template_filter ] --END-- [ RunTime:0.000128s ]
INFO: Run Behavior\ParseTemplateBehavior [ RunTime:0.016461s ]
INFO: [ view_parse ] --END-- [ RunTime:0.016541s ]
INFO: [ view_filter ] --START--
INFO: Run Behavior\WriteHtmlCacheBehavior [ RunTime:0.000496s ]
INFO: [ view_filter ] --END-- [ RunTime:0.000547s ]
INFO: [ app_end ] --START--
INFO: Run Behavior\ShowPageTraceBehavior [ RunTime:0.000907s ]
INFO: [ app_end ] --END-- [ RunTime:0.000970s ]

[ 2016-12-27T23:26:51+08:00 ] 127.0.0.1 /index.php/Back/Auth/showlist
INFO: [ app_init ] --START--
INFO: Run Behavior\BuildLiteBehavior [ RunTime:0.000013s ]
INFO: [ app_init ] --END-- [ RunTime:0.000358s ]
INFO: [ app_begin ] --START--
INFO: Run Behavior\ReadHtmlCacheBehavior [ RunTime:0.000530s ]
INFO: [ app_begin ] --END-- [ RunTime:0.000573s ]
SQL: SHOW COLUMNS FROM `php41_auth` [ RunTime:0.0637s ]
SQL: SELECT * FROM `php41_auth` ORDER BY auth_path  [ RunTime:0.0006s ]
INFO: [ view_parse ] --START--
INFO: [ template_filter ] --START--
INFO: Run Behavior\ContentReplaceBehavior [ RunTime:0.000035s ]
INFO: [ template_filter ] --END-- [ RunTime:0.000084s ]
NOTIC: [8] Undefined index: goods_id C:\phpStudy\WWW\php41\shop\Runtime\Cache\Back\a1f63f45dcb11bc4cea5c7353aaf7c62.php 第 33 行.
NOTIC: [8] Undefined index: goods_id C:\phpStudy\WWW\php41\shop\Runtime\Cache\Back\a1f63f45dcb11bc4cea5c7353aaf7c62.php 第 33 行.
NOTIC: [8] Undefined index: goods_id C:\phpStudy\WWW\php41\shop\Runtime\Cache\Back\a1f63f45dcb11bc4cea5c7353aaf7c62.php 第 33 行.
NOTIC: [8] Undefined index: goods_id C:\phpStudy\WWW\php41\shop\Runtime\Cache\Back\a1f63f45dcb11bc4cea5c7353aaf7c62.php 第 33 行.
NOTIC: [8] Undefined index: goods_id C:\phpStudy\WWW\php41\shop\Runtime\Cache\Back\a1f63f45dcb11bc4cea5c7353aaf7c62.php 第 33 行.
NOTIC: [8] Undefined index: goods_id C:\phpStudy\WWW\php41\shop\Runtime\Cache\Back\a1f63f45dcb11bc4cea5c7353aaf7c62.php 第 33 行.
NOTIC: [8] Undefined index: goods_id C:\phpStudy\WWW\php41\shop\Runtime\Cache\Back\a1f63f45dcb11bc4cea5c7353aaf7c62.php 第 33 行.
NOTIC: [8] Undefined index: goods_id C:\phpStudy\WWW\php41\shop\Runtime\Cache\Back\a1f63f45dcb11bc4cea5c7353aaf7c62.php 第 33 行.
NOTIC: [8] Undefined index: goods_id C:\phpStudy\WWW\php41\shop\Runtime\Cache\Back\a1f63f45dcb11bc4cea5c7353aaf7c62.php 第 33 行.
NOTIC: [8] Undefined index: goods_id C:\phpStudy\WWW\php41\shop\Runtime\Cache\Back\a1f63f45dcb11bc4cea5c7353aaf7c62.php 第 33 行.
NOTIC: [8] Undefined index: goods_id C:\phpStudy\WWW\php41\shop\Runtime\Cache\Back\a1f63f45dcb11bc4cea5c7353aaf7c62.php 第 33 行.
NOTIC: [8] Undefined index: goods_id C:\phpStudy\WWW\php41\shop\Runtime\Cache\Back\a1f63f45dcb11bc4cea5c7353aaf7c62.php 第 33 行.
NOTIC: [8] Undefined index: goods_id C:\phpStudy\WWW\php41\shop\Runtime\Cache\Back\a1f63f45dcb11bc4cea5c7353aaf7c62.php 第 33 行.
NOTIC: [8] Undefined index: goods_id C:\phpStudy\WWW\php41\shop\Runtime\Cache\Back\a1f63f45dcb11bc4cea5c7353aaf7c62.php 第 33 行.
INFO: Run Behavior\ParseTemplateBehavior [ RunTime:0.008794s ]
INFO: [ view_parse ] --END-- [ RunTime:0.008849s ]
INFO: [ view_filter ] --START--
INFO: Run Behavior\WriteHtmlCacheBehavior [ RunTime:0.000270s ]
INFO: [ view_filter ] --END-- [ RunTime:0.000306s ]
INFO: [ app_end ] --START--
INFO: Run Behavior\ShowPageTraceBehavior [ RunTime:0.000535s ]
INFO: [ app_end ] --END-- [ RunTime:0.000573s ]

[ 2016-12-27T23:26:55+08:00 ] 127.0.0.1 /index.php/Back/Auth/tianjia.html
INFO: [ app_init ] --START--
INFO: Run Behavior\BuildLiteBehavior [ RunTime:0.000042s ]
INFO: [ app_init ] --END-- [ RunTime:0.000838s ]
INFO: [ app_begin ] --START--
INFO: Run Behavior\ReadHtmlCacheBehavior [ RunTime:0.000520s ]
INFO: [ app_begin ] --END-- [ RunTime:0.000566s ]
SQL: SHOW COLUMNS FROM `php41_auth` [ RunTime:0.0369s ]
SQL: SELECT * FROM `php41_auth` WHERE `auth_level` IN ('0','1') ORDER BY auth_path  [ RunTime:0.0005s ]
INFO: [ view_parse ] --START--
INFO: [ template_filter ] --START--
INFO: Run Behavior\ContentReplaceBehavior [ RunTime:0.000036s ]
INFO: [ template_filter ] --END-- [ RunTime:0.000108s ]
INFO: Run Behavior\ParseTemplateBehavior [ RunTime:0.018104s ]
INFO: [ view_parse ] --END-- [ RunTime:0.018155s ]
INFO: [ view_filter ] --START--
INFO: Run Behavior\WriteHtmlCacheBehavior [ RunTime:0.000224s ]
INFO: [ view_filter ] --END-- [ RunTime:0.000254s ]
INFO: [ app_end ] --START--
INFO: Run Behavior\ShowPageTraceBehavior [ RunTime:0.000513s ]
INFO: [ app_end ] --END-- [ RunTime:0.000546s ]

[ 2016-12-27T23:27:38+08:00 ] 127.0.0.1 /index.php/Back/Auth/tianjia.html
INFO: [ app_init ] --START--
INFO: Run Behavior\BuildLiteBehavior [ RunTime:0.000018s ]
INFO: [ app_init ] --END-- [ RunTime:0.000436s ]
INFO: [ app_begin ] --START--
INFO: Run Behavior\ReadHtmlCacheBehavior [ RunTime:0.000725s ]
INFO: [ app_begin ] --END-- [ RunTime:0.000787s ]
SQL: SHOW COLUMNS FROM `php41_auth` [ RunTime:0.0329s ]
SQL: INSERT INTO `php41_auth` (`auth_name`,`auth_pid`,`auth_c`,`auth_a`) VALUES ('商品品牌','101','Brand','showlist') [ RunTime:0.0154s ]
SQL: SELECT `auth_path` FROM `php41_auth` WHERE `auth_id` = 101 LIMIT 1   [ RunTime:0.0009s ]
SQL: UPDATE `php41_auth` SET `auth_path`='101-117',`auth_level`='1' WHERE `auth_id` = 117 [ RunTime:0.0045s ]
INFO: [ view_parse ] --START--
INFO: [ template_filter ] --START--
INFO: Run Behavior\ContentReplaceBehavior [ RunTime:0.000028s ]
INFO: [ template_filter ] --END-- [ RunTime:0.000071s ]
INFO: Run Behavior\ParseTemplateBehavior [ RunTime:0.020062s ]
INFO: [ view_parse ] --END-- [ RunTime:0.020135s ]
INFO: [ view_filter ] --START--
INFO: Run Behavior\WriteHtmlCacheBehavior [ RunTime:0.000255s ]
INFO: [ view_filter ] --END-- [ RunTime:0.000301s ]
INFO: [ app_end ] --START--
INFO: Run Behavior\ShowPageTraceBehavior [ RunTime:0.000498s ]
INFO: [ app_end ] --END-- [ RunTime:0.000530s ]

[ 2016-12-27T23:27:41+08:00 ] 127.0.0.1 /index.php/Back/Auth/showlist.html
INFO: [ app_init ] --START--
INFO: Run Behavior\BuildLiteBehavior [ RunTime:0.000018s ]
INFO: [ app_init ] --END-- [ RunTime:0.000457s ]
INFO: [ app_begin ] --START--
INFO: Run Behavior\ReadHtmlCacheBehavior [ RunTime:0.000854s ]
INFO: [ app_begin ] --END-- [ RunTime:0.000932s ]
SQL: SHOW COLUMNS FROM `php41_auth` [ RunTime:0.0330s ]
SQL: SELECT * FROM `php41_auth` ORDER BY auth_path  [ RunTime:0.0005s ]
INFO: [ view_parse ] --START--
INFO: [ template_filter ] --START--
INFO: Run Behavior\ContentReplaceBehavior [ RunTime:0.000079s ]
INFO: [ template_filter ] --END-- [ RunTime:0.000142s ]
NOTIC: [8] Undefined index: goods_id C:\phpStudy\WWW\php41\shop\Runtime\Cache\Back\a1f63f45dcb11bc4cea5c7353aaf7c62.php 第 33 行.
NOTIC: [8] Undefined index: goods_id C:\phpStudy\WWW\php41\shop\Runtime\Cache\Back\a1f63f45dcb11bc4cea5c7353aaf7c62.php 第 33 行.
NOTIC: [8] Undefined index: goods_id C:\phpStudy\WWW\php41\shop\Runtime\Cache\Back\a1f63f45dcb11bc4cea5c7353aaf7c62.php 第 33 行.
NOTIC: [8] Undefined index: goods_id C:\phpStudy\WWW\php41\shop\Runtime\Cache\Back\a1f63f45dcb11bc4cea5c7353aaf7c62.php 第 33 行.
NOTIC: [8] Undefined index: goods_id C:\phpStudy\WWW\php41\shop\Runtime\Cache\Back\a1f63f45dcb11bc4cea5c7353aaf7c62.php 第 33 行.
NOTIC: [8] Undefined index: goods_id C:\phpStudy\WWW\php41\shop\Runtime\Cache\Back\a1f63f45dcb11bc4cea5c7353aaf7c62.php 第 33 行.
NOTIC: [8] Undefined index: goods_id C:\phpStudy\WWW\php41\shop\Runtime\Cache\Back\a1f63f45dcb11bc4cea5c7353aaf7c62.php 第 33 行.
NOTIC: [8] Undefined index: goods_id C:\phpStudy\WWW\php41\shop\Runtime\Cache\Back\a1f63f45dcb11bc4cea5c7353aaf7c62.php 第 33 行.
NOTIC: [8] Undefined index: goods_id C:\phpStudy\WWW\php41\shop\Runtime\Cache\Back\a1f63f45dcb11bc4cea5c7353aaf7c62.php 第 33 行.
NOTIC: [8] Undefined index: goods_id C:\phpStudy\WWW\php41\shop\Runtime\Cache\Back\a1f63f45dcb11bc4cea5c7353aaf7c62.php 第 33 行.
NOTIC: [8] Undefined index: goods_id C:\phpStudy\WWW\php41\shop\Runtime\Cache\Back\a1f63f45dcb11bc4cea5c7353aaf7c62.php 第 33 行.
NOTIC: [8] Undefined index: goods_id C:\phpStudy\WWW\php41\shop\Runtime\Cache\Back\a1f63f45dcb11bc4cea5c7353aaf7c62.php 第 33 行.
NOTIC: [8] Undefined index: goods_id C:\phpStudy\WWW\php41\shop\Runtime\Cache\Back\a1f63f45dcb11bc4cea5c7353aaf7c62.php 第 33 行.
NOTIC: [8] Undefined index: goods_id C:\phpStudy\WWW\php41\shop\Runtime\Cache\Back\a1f63f45dcb11bc4cea5c7353aaf7c62.php 第 33 行.
NOTIC: [8] Undefined index: goods_id C:\phpStudy\WWW\php41\shop\Runtime\Cache\Back\a1f63f45dcb11bc4cea5c7353aaf7c62.php 第 33 行.
INFO: Run Behavior\ParseTemplateBehavior [ RunTime:0.009489s ]
INFO: [ view_parse ] --END-- [ RunTime:0.009534s ]
INFO: [ view_filter ] --START--
INFO: Run Behavior\WriteHtmlCacheBehavior [ RunTime:0.000322s ]
INFO: [ view_filter ] --END-- [ RunTime:0.000362s ]
INFO: [ app_end ] --START--
INFO: Run Behavior\ShowPageTraceBehavior [ RunTime:0.000547s ]
INFO: [ app_end ] --END-- [ RunTime:0.000596s ]

[ 2016-12-27T23:28:33+08:00 ] 127.0.0.1 /index.php/Back/Auth/tianjia.html
INFO: [ app_init ] --START--
INFO: Run Behavior\BuildLiteBehavior [ RunTime:0.000020s ]
INFO: [ app_init ] --END-- [ RunTime:0.000495s ]
INFO: [ app_begin ] --START--
INFO: Run Behavior\ReadHtmlCacheBehavior [ RunTime:0.000578s ]
INFO: [ app_begin ] --END-- [ RunTime:0.000633s ]
SQL: SHOW COLUMNS FROM `php41_auth` [ RunTime:0.0300s ]
SQL: SELECT * FROM `php41_auth` WHERE `auth_level` IN ('0','1') ORDER BY auth_path  [ RunTime:0.0005s ]
INFO: [ view_parse ] --START--
INFO: [ template_filter ] --START--
INFO: Run Behavior\ContentReplaceBehavior [ RunTime:0.000337s ]
INFO: [ template_filter ] --END-- [ RunTime:0.000383s ]
INFO: Run Behavior\ParseTemplateBehavior [ RunTime:0.007558s ]
INFO: [ view_parse ] --END-- [ RunTime:0.007610s ]
INFO: [ view_filter ] --START--
INFO: Run Behavior\WriteHtmlCacheBehavior [ RunTime:0.000273s ]
INFO: [ view_filter ] --END-- [ RunTime:0.000309s ]
INFO: [ app_end ] --START--
INFO: Run Behavior\ShowPageTraceBehavior [ RunTime:0.000449s ]
INFO: [ app_end ] --END-- [ RunTime:0.000479s ]

[ 2016-12-27T23:28:37+08:00 ] 127.0.0.1 /index.php/Back/Auth/showlist.html
INFO: [ app_init ] --START--
INFO: Run Behavior\BuildLiteBehavior [ RunTime:0.000012s ]
INFO: [ app_init ] --END-- [ RunTime:0.000291s ]
INFO: [ app_begin ] --START--
INFO: Run Behavior\ReadHtmlCacheBehavior [ RunTime:0.000466s ]
INFO: [ app_begin ] --END-- [ RunTime:0.000519s ]
SQL: SHOW COLUMNS FROM `php41_auth` [ RunTime:0.0334s ]
SQL: SELECT * FROM `php41_auth` ORDER BY auth_path  [ RunTime:0.0005s ]
INFO: [ view_parse ] --START--
INFO: [ template_filter ] --START--
INFO: Run Behavior\ContentReplaceBehavior [ RunTime:0.000052s ]
INFO: [ template_filter ] --END-- [ RunTime:0.000110s ]
NOTIC: [8] Undefined index: goods_id C:\phpStudy\WWW\php41\shop\Runtime\Cache\Back\a1f63f45dcb11bc4cea5c7353aaf7c62.php 第 33 行.
NOTIC: [8] Undefined index: goods_id C:\phpStudy\WWW\php41\shop\Runtime\Cache\Back\a1f63f45dcb11bc4cea5c7353aaf7c62.php 第 33 行.
NOTIC: [8] Undefined index: goods_id C:\phpStudy\WWW\php41\shop\Runtime\Cache\Back\a1f63f45dcb11bc4cea5c7353aaf7c62.php 第 33 行.
NOTIC: [8] Undefined index: goods_id C:\phpStudy\WWW\php41\shop\Runtime\Cache\Back\a1f63f45dcb11bc4cea5c7353aaf7c62.php 第 33 行.
NOTIC: [8] Undefined index: goods_id C:\phpStudy\WWW\php41\shop\Runtime\Cache\Back\a1f63f45dcb11bc4cea5c7353aaf7c62.php 第 33 行.
NOTIC: [8] Undefined index: goods_id C:\phpStudy\WWW\php41\shop\Runtime\Cache\Back\a1f63f45dcb11bc4cea5c7353aaf7c62.php 第 33 行.
NOTIC: [8] Undefined index: goods_id C:\phpStudy\WWW\php41\shop\Runtime\Cache\Back\a1f63f45dcb11bc4cea5c7353aaf7c62.php 第 33 行.
NOTIC: [8] Undefined index: goods_id C:\phpStudy\WWW\php41\shop\Runtime\Cache\Back\a1f63f45dcb11bc4cea5c7353aaf7c62.php 第 33 行.
NOTIC: [8] Undefined index: goods_id C:\phpStudy\WWW\php41\shop\Runtime\Cache\Back\a1f63f45dcb11bc4cea5c7353aaf7c62.php 第 33 行.
NOTIC: [8] Undefined index: goods_id C:\phpStudy\WWW\php41\shop\Runtime\Cache\Back\a1f63f45dcb11bc4cea5c7353aaf7c62.php 第 33 行.
NOTIC: [8] Undefined index: goods_id C:\phpStudy\WWW\php41\shop\Runtime\Cache\Back\a1f63f45dcb11bc4cea5c7353aaf7c62.php 第 33 行.
NOTIC: [8] Undefined index: goods_id C:\phpStudy\WWW\php41\shop\Runtime\Cache\Back\a1f63f45dcb11bc4cea5c7353aaf7c62.php 第 33 行.
NOTIC: [8] Undefined index: goods_id C:\phpStudy\WWW\php41\shop\Runtime\Cache\Back\a1f63f45dcb11bc4cea5c7353aaf7c62.php 第 33 行.
NOTIC: [8] Undefined index: goods_id C:\phpStudy\WWW\php41\shop\Runtime\Cache\Back\a1f63f45dcb11bc4cea5c7353aaf7c62.php 第 33 行.
NOTIC: [8] Undefined index: goods_id C:\phpStudy\WWW\php41\shop\Runtime\Cache\Back\a1f63f45dcb11bc4cea5c7353aaf7c62.php 第 33 行.
INFO: Run Behavior\ParseTemplateBehavior [ RunTime:0.007031s ]
INFO: [ view_parse ] --END-- [ RunTime:0.007114s ]
INFO: [ view_filter ] --START--
INFO: Run Behavior\WriteHtmlCacheBehavior [ RunTime:0.000246s ]
INFO: [ view_filter ] --END-- [ RunTime:0.000277s ]
INFO: [ app_end ] --START--
INFO: Run Behavior\ShowPageTraceBehavior [ RunTime:0.000473s ]
INFO: [ app_end ] --END-- [ RunTime:0.000523s ]

[ 2016-12-27T23:29:39+08:00 ] 127.0.0.1 /index.php/Back/Auth/tianjia.html
INFO: [ app_init ] --START--
INFO: Run Behavior\BuildLiteBehavior [ RunTime:0.000014s ]
INFO: [ app_init ] --END-- [ RunTime:0.000374s ]
INFO: [ app_begin ] --START--
INFO: Run Behavior\ReadHtmlCacheBehavior [ RunTime:0.000624s ]
INFO: [ app_begin ] --END-- [ RunTime:0.000682s ]
SQL: SHOW COLUMNS FROM `php41_auth` [ RunTime:0.0333s ]
SQL: SELECT * FROM `php41_auth` WHERE `auth_level` IN ('0','1') ORDER BY auth_path  [ RunTime:0.0005s ]
INFO: [ view_parse ] --START--
INFO: [ template_filter ] --START--
INFO: Run Behavior\ContentReplaceBehavior [ RunTime:0.000036s ]
INFO: [ template_filter ] --END-- [ RunTime:0.000082s ]
INFO: Run Behavior\ParseTemplateBehavior [ RunTime:0.007672s ]
INFO: [ view_parse ] --END-- [ RunTime:0.007724s ]
INFO: [ view_filter ] --START--
INFO: Run Behavior\WriteHtmlCacheBehavior [ RunTime:0.000307s ]
INFO: [ view_filter ] --END-- [ RunTime:0.000337s ]
INFO: [ app_end ] --START--
INFO: Run Behavior\ShowPageTraceBehavior [ RunTime:0.000575s ]
INFO: [ app_end ] --END-- [ RunTime:0.000606s ]

[ 2016-12-27T23:30:33+08:00 ] 127.0.0.1 /index.php/Back/Auth/tianjia.html
INFO: [ app_init ] --START--
INFO: Run Behavior\BuildLiteBehavior [ RunTime:0.000017s ]
INFO: [ app_init ] --END-- [ RunTime:0.000400s ]
INFO: [ app_begin ] --START--
INFO: Run Behavior\ReadHtmlCacheBehavior [ RunTime:0.000780s ]
INFO: [ app_begin ] --END-- [ RunTime:0.001209s ]
SQL: SHOW COLUMNS FROM `php41_auth` [ RunTime:0.0332s ]
SQL: INSERT INTO `php41_auth` (`auth_name`,`auth_pid`,`auth_c`,`auth_a`) VALUES ('增加订单','102','Order','tianjia') [ RunTime:0.0044s ]
SQL: SELECT `auth_path` FROM `php41_auth` WHERE `auth_id` = 102 LIMIT 1   [ RunTime:0.0003s ]
SQL: UPDATE `php41_auth` SET `auth_path`='102-118',`auth_level`='1' WHERE `auth_id` = 118 [ RunTime:0.0046s ]
INFO: [ view_parse ] --START--
INFO: [ template_filter ] --START--
INFO: Run Behavior\ContentReplaceBehavior [ RunTime:0.000029s ]
INFO: [ template_filter ] --END-- [ RunTime:0.000071s ]
INFO: Run Behavior\ParseTemplateBehavior [ RunTime:0.005724s ]
INFO: [ view_parse ] --END-- [ RunTime:0.005797s ]
INFO: [ view_filter ] --START--
INFO: Run Behavior\WriteHtmlCacheBehavior [ RunTime:0.000264s ]
INFO: [ view_filter ] --END-- [ RunTime:0.000297s ]
INFO: [ app_end ] --START--
INFO: Run Behavior\ShowPageTraceBehavior [ RunTime:0.000478s ]
INFO: [ app_end ] --END-- [ RunTime:0.000508s ]

[ 2016-12-27T23:30:35+08:00 ] 127.0.0.1 /index.php/Back/Auth/showlist.html
INFO: [ app_init ] --START--
INFO: Run Behavior\BuildLiteBehavior [ RunTime:0.000013s ]
INFO: [ app_init ] --END-- [ RunTime:0.000322s ]
INFO: [ app_begin ] --START--
INFO: Run Behavior\ReadHtmlCacheBehavior [ RunTime:0.000450s ]
INFO: [ app_begin ] --END-- [ RunTime:0.000488s ]
SQL: SHOW COLUMNS FROM `php41_auth` [ RunTime:0.0324s ]
SQL: SELECT * FROM `php41_auth` ORDER BY auth_path  [ RunTime:0.0006s ]
INFO: [ view_parse ] --START--
INFO: [ template_filter ] --START--
INFO: Run Behavior\ContentReplaceBehavior [ RunTime:0.000030s ]
INFO: [ template_filter ] --END-- [ RunTime:0.000069s ]
NOTIC: [8] Undefined index: goods_id C:\phpStudy\WWW\php41\shop\Runtime\Cache\Back\a1f63f45dcb11bc4cea5c7353aaf7c62.php 第 33 行.
NOTIC: [8] Undefined index: goods_id C:\phpStudy\WWW\php41\shop\Runtime\Cache\Back\a1f63f45dcb11bc4cea5c7353aaf7c62.php 第 33 行.
NOTIC: [8] Undefined index: goods_id C:\phpStudy\WWW\php41\shop\Runtime\Cache\Back\a1f63f45dcb11bc4cea5c7353aaf7c62.php 第 33 行.
NOTIC: [8] Undefined index: goods_id C:\phpStudy\WWW\php41\shop\Runtime\Cache\Back\a1f63f45dcb11bc4cea5c7353aaf7c62.php 第 33 行.
NOTIC: [8] Undefined index: goods_id C:\phpStudy\WWW\php41\shop\Runtime\Cache\Back\a1f63f45dcb11bc4cea5c7353aaf7c62.php 第 33 行.
NOTIC: [8] Undefined index: goods_id C:\phpStudy\WWW\php41\shop\Runtime\Cache\Back\a1f63f45dcb11bc4cea5c7353aaf7c62.php 第 33 行.
NOTIC: [8] Undefined index: goods_id C:\phpStudy\WWW\php41\shop\Runtime\Cache\Back\a1f63f45dcb11bc4cea5c7353aaf7c62.php 第 33 行.
NOTIC: [8] Undefined index: goods_id C:\phpStudy\WWW\php41\shop\Runtime\Cache\Back\a1f63f45dcb11bc4cea5c7353aaf7c62.php 第 33 行.
NOTIC: [8] Undefined index: goods_id C:\phpStudy\WWW\php41\shop\Runtime\Cache\Back\a1f63f45dcb11bc4cea5c7353aaf7c62.php 第 33 行.
NOTIC: [8] Undefined index: goods_id C:\phpStudy\WWW\php41\shop\Runtime\Cache\Back\a1f63f45dcb11bc4cea5c7353aaf7c62.php 第 33 行.
NOTIC: [8] Undefined index: goods_id C:\phpStudy\WWW\php41\shop\Runtime\Cache\Back\a1f63f45dcb11bc4cea5c7353aaf7c62.php 第 33 行.
NOTIC: [8] Undefined index: goods_id C:\phpStudy\WWW\php41\shop\Runtime\Cache\Back\a1f63f45dcb11bc4cea5c7353aaf7c62.php 第 33 行.
NOTIC: [8] Undefined index: goods_id C:\phpStudy\WWW\php41\shop\Runtime\Cache\Back\a1f63f45dcb11bc4cea5c7353aaf7c62.php 第 33 行.
NOTIC: [8] Undefined index: goods_id C:\phpStudy\WWW\php41\shop\Runtime\Cache\Back\a1f63f45dcb11bc4cea5c7353aaf7c62.php 第 33 行.
NOTIC: [8] Undefined index: goods_id C:\phpStudy\WWW\php41\shop\Runtime\Cache\Back\a1f63f45dcb11bc4cea5c7353aaf7c62.php 第 33 行.
NOTIC: [8] Undefined index: goods_id C:\phpStudy\WWW\php41\shop\Runtime\Cache\Back\a1f63f45dcb11bc4cea5c7353aaf7c62.php 第 33 行.
INFO: Run Behavior\ParseTemplateBehavior [ RunTime:0.007003s ]
INFO: [ view_parse ] --END-- [ RunTime:0.007051s ]
INFO: [ view_filter ] --START--
INFO: Run Behavior\WriteHtmlCacheBehavior [ RunTime:0.000228s ]
INFO: [ view_filter ] --END-- [ RunTime:0.000257s ]
INFO: [ app_end ] --START--
INFO: Run Behavior\ShowPageTraceBehavior [ RunTime:0.000445s ]
INFO: [ app_end ] --END-- [ RunTime:0.000473s ]

[ 2016-12-27T23:36:15+08:00 ] 127.0.0.1 /index.php/Back/Manager/showlist
INFO: [ app_init ] --START--
INFO: Run Behavior\BuildLiteBehavior [ RunTime:0.000013s ]
INFO: [ app_init ] --END-- [ RunTime:0.000371s ]
INFO: [ app_begin ] --START--
INFO: Run Behavior\ReadHtmlCacheBehavior [ RunTime:0.000595s ]
INFO: [ app_begin ] --END-- [ RunTime:0.000636s ]
ERR: 无法加载控制器:Manager

[ 2016-12-27T23:36:57+08:00 ] 127.0.0.1 /index.php/Back/Manager/showlist
INFO: [ app_init ] --START--
INFO: Run Behavior\BuildLiteBehavior [ RunTime:0.000016s ]
INFO: [ app_init ] --END-- [ RunTime:0.000582s ]
INFO: [ app_begin ] --START--
INFO: Run Behavior\ReadHtmlCacheBehavior [ RunTime:0.000678s ]
INFO: [ app_begin ] --END-- [ RunTime:0.000788s ]
ERR: 无法加载控制器:Manager

[ 2016-12-27T23:37:00+08:00 ] 127.0.0.1 /index.php/Back/Manager/showlist
INFO: [ app_init ] --START--
INFO: Run Behavior\BuildLiteBehavior [ RunTime:0.000013s ]
INFO: [ app_init ] --END-- [ RunTime:0.000403s ]
INFO: [ app_begin ] --START--
INFO: Run Behavior\ReadHtmlCacheBehavior [ RunTime:0.000458s ]
INFO: [ app_begin ] --END-- [ RunTime:0.000498s ]
ERR: 无法加载控制器:Manager

[ 2016-12-27T23:37:00+08:00 ] 127.0.0.1 /index.php/Back/Manager/showlist
INFO: [ app_init ] --START--
INFO: Run Behavior\BuildLiteBehavior [ RunTime:0.000012s ]
INFO: [ app_init ] --END-- [ RunTime:0.000283s ]
INFO: [ app_begin ] --START--
INFO: Run Behavior\ReadHtmlCacheBehavior [ RunTime:0.000444s ]
INFO: [ app_begin ] --END-- [ RunTime:0.000482s ]
ERR: 无法加载控制器:Manager

[ 2016-12-27T23:37:01+08:00 ] 127.0.0.1 /index.php/Back/Manager/showlist
INFO: [ app_init ] --START--
INFO: Run Behavior\BuildLiteBehavior [ RunTime:0.000013s ]
INFO: [ app_init ] --END-- [ RunTime:0.000305s ]
INFO: [ app_begin ] --START--
INFO: Run Behavior\ReadHtmlCacheBehavior [ RunTime:0.000450s ]
INFO: [ app_begin ] --END-- [ RunTime:0.000489s ]
ERR: 无法加载控制器:Manager

[ 2016-12-27T23:37:27+08:00 ] 127.0.0.1 /index.php/Back/Manager/showlist
INFO: [ app_init ] --START--
INFO: Run Behavior\BuildLiteBehavior [ RunTime:0.000013s ]
INFO: [ app_init ] --END-- [ RunTime:0.000313s ]
INFO: [ app_begin ] --START--
INFO: Run Behavior\ReadHtmlCacheBehavior [ RunTime:0.000518s ]
INFO: [ app_begin ] --END-- [ RunTime:0.000564s ]
ERR: 无法加载控制器:Manager

[ 2016-12-27T23:37:29+08:00 ] 127.0.0.1 /index.php/Back/Manager/showlist
INFO: [ app_init ] --START--
INFO: Run Behavior\BuildLiteBehavior [ RunTime:0.000012s ]
INFO: [ app_init ] --END-- [ RunTime:0.000310s ]
INFO: [ app_begin ] --START--
INFO: Run Behavior\ReadHtmlCacheBehavior [ RunTime:0.000486s ]
INFO: [ app_begin ] --END-- [ RunTime:0.000527s ]
ERR: 无法加载控制器:Manager

[ 2016-12-27T23:37:30+08:00 ] 127.0.0.1 /index.php/Back/Index/index.html
INFO: [ app_init ] --START--
INFO: Run Behavior\BuildLiteBehavior [ RunTime:0.000013s ]
INFO: [ app_init ] --END-- [ RunTime:0.000349s ]
INFO: [ app_begin ] --START--
INFO: Run Behavior\ReadHtmlCacheBehavior [ RunTime:0.000494s ]
INFO: [ app_begin ] --END-- [ RunTime:0.000537s ]
INFO: [ view_parse ] --START--
INFO: [ template_filter ] --START--
INFO: Run Behavior\ContentReplaceBehavior [ RunTime:0.000029s ]
INFO: [ template_filter ] --END-- [ RunTime:0.000073s ]
INFO: Run Behavior\ParseTemplateBehavior [ RunTime:0.005997s ]
INFO: [ view_parse ] --END-- [ RunTime:0.006048s ]
INFO: [ view_filter ] --START--
INFO: Run Behavior\WriteHtmlCacheBehavior [ RunTime:0.000367s ]
INFO: [ view_filter ] --END-- [ RunTime:0.000397s ]
INFO: [ app_end ] --START--
INFO: Run Behavior\ShowPageTraceBehavior [ RunTime:0.000526s ]
INFO: [ app_end ] --END-- [ RunTime:0.000560s ]

[ 2016-12-27T23:37:30+08:00 ] 127.0.0.1 /index.php/Back/Index/head.html
INFO: [ app_init ] --START--
INFO: Run Behavior\BuildLiteBehavior [ RunTime:0.000018s ]
INFO: [ app_init ] --END-- [ RunTime:0.000454s ]
INFO: [ app_begin ] --START--
INFO: Run Behavior\ReadHtmlCacheBehavior [ RunTime:0.000654s ]
INFO: [ app_begin ] --END-- [ RunTime:0.000718s ]
INFO: [ view_parse ] --START--
INFO: [ template_filter ] --START--
INFO: Run Behavior\ContentReplaceBehavior [ RunTime:0.000030s ]
INFO: [ template_filter ] --END-- [ RunTime:0.000073s ]
INFO: Run Behavior\ParseTemplateBehavior [ RunTime:0.015357s ]
INFO: [ view_parse ] --END-- [ RunTime:0.015414s ]
INFO: [ view_filter ] --START--
INFO: Run Behavior\WriteHtmlCacheBehavior [ RunTime:0.000265s ]
INFO: [ view_filter ] --END-- [ RunTime:0.000297s ]
INFO: [ app_end ] --START--
INFO: Run Behavior\ShowPageTraceBehavior [ RunTime:0.000560s ]
INFO: [ app_end ] --END-- [ RunTime:0.000605s ]

[ 2016-12-27T23:37:31+08:00 ] 127.0.0.1 /index.php/Back/Index/left.html
INFO: [ app_init ] --START--
INFO: Run Behavior\BuildLiteBehavior [ RunTime:0.000023s ]
INFO: [ app_init ] --END-- [ RunTime:0.000554s ]
INFO: [ app_begin ] --START--
INFO: Run Behavior\ReadHtmlCacheBehavior [ RunTime:0.000936s ]
INFO: [ app_begin ] --END-- [ RunTime:0.001008s ]
SQL: SHOW COLUMNS FROM `php41_auth` [ RunTime:0.0103s ]
SQL: SELECT * FROM `php41_auth` WHERE ( auth_level=0 )  [ RunTime:0.0004s ]
SQL: SELECT * FROM `php41_auth` WHERE ( auth_level=1 )  [ RunTime:0.0004s ]
INFO: [ view_parse ] --START--
INFO: [ template_filter ] --START--
INFO: Run Behavior\ContentReplaceBehavior [ RunTime:0.000039s ]
INFO: [ template_filter ] --END-- [ RunTime:0.000078s ]
INFO: Run Behavior\ParseTemplateBehavior [ RunTime:0.024706s ]
INFO: [ view_parse ] --END-- [ RunTime:0.024756s ]
INFO: [ view_filter ] --START--
INFO: Run Behavior\WriteHtmlCacheBehavior [ RunTime:0.000357s ]
INFO: [ view_filter ] --END-- [ RunTime:0.000393s ]
INFO: [ app_end ] --START--
INFO: Run Behavior\ShowPageTraceBehavior [ RunTime:0.001036s ]
INFO: [ app_end ] --END-- [ RunTime:0.001105s ]

[ 2016-12-27T23:37:31+08:00 ] 127.0.0.1 /index.php/Back/Index/right.html
INFO: [ app_init ] --START--
INFO: Run Behavior\BuildLiteBehavior [ RunTime:0.000016s ]
INFO: [ app_init ] --END-- [ RunTime:0.000526s ]
INFO: [ app_begin ] --START--
INFO: Run Behavior\ReadHtmlCacheBehavior [ RunTime:0.000797s ]
INFO: [ app_begin ] --END-- [ RunTime:0.000870s ]
INFO: [ view_parse ] --START--
INFO: [ template_filter ] --START--
INFO: Run Behavior\ContentReplaceBehavior [ RunTime:0.000064s ]
INFO: [ template_filter ] --END-- [ RunTime:0.000132s ]
INFO: Run Behavior\ParseTemplateBehavior [ RunTime:0.018570s ]
INFO: [ view_parse ] --END-- [ RunTime:0.018653s ]
INFO: [ view_filter ] --START--
INFO: Run Behavior\WriteHtmlCacheBehavior [ RunTime:0.000342s ]
INFO: [ view_filter ] --END-- [ RunTime:0.000374s ]
INFO: [ app_end ] --START--
INFO: Run Behavior\ShowPageTraceBehavior [ RunTime:0.000585s ]
INFO: [ app_end ] --END-- [ RunTime:0.000624s ]

[ 2016-12-27T23:37:33+08:00 ] 127.0.0.1 /index.php/Back/Manager/showlist
INFO: [ app_init ] --START--
INFO: Run Behavior\BuildLiteBehavior [ RunTime:0.000012s ]
INFO: [ app_init ] --END-- [ RunTime:0.000320s ]
INFO: [ app_begin ] --START--
INFO: Run Behavior\ReadHtmlCacheBehavior [ RunTime:0.000444s ]
INFO: [ app_begin ] --END-- [ RunTime:0.000483s ]
ERR: 无法加载控制器:Manager

[ 2016-12-27T23:37:35+08:00 ] 127.0.0.1 /index.php/Back/Manager/showlist
INFO: [ app_init ] --START--
INFO: Run Behavior\BuildLiteBehavior [ RunTime:0.000011s ]
INFO: [ app_init ] --END-- [ RunTime:0.000282s ]
INFO: [ app_begin ] --START--
INFO: Run Behavior\ReadHtmlCacheBehavior [ RunTime:0.000447s ]
INFO: [ app_begin ] --END-- [ RunTime:0.000486s ]
ERR: 无法加载控制器:Manager

[ 2016-12-27T23:38:35+08:00 ] 127.0.0.1 /index.php/Back/Index/index.html
INFO: [ app_init ] --START--
INFO: Run Behavior\BuildLiteBehavior [ RunTime:0.000012s ]
INFO: [ app_init ] --END-- [ RunTime:0.000339s ]
INFO: [ app_begin ] --START--
INFO: Run Behavior\ReadHtmlCacheBehavior [ RunTime:0.000565s ]
INFO: [ app_begin ] --END-- [ RunTime:0.000614s ]
INFO: [ view_parse ] --START--
INFO: [ template_filter ] --START--
INFO: Run Behavior\ContentReplaceBehavior [ RunTime:0.000030s ]
INFO: [ template_filter ] --END-- [ RunTime:0.000076s ]
INFO: Run Behavior\ParseTemplateBehavior [ RunTime:0.006055s ]
INFO: [ view_parse ] --END-- [ RunTime:0.006139s ]
INFO: [ view_filter ] --START--
INFO: Run Behavior\WriteHtmlCacheBehavior [ RunTime:0.000299s ]
INFO: [ view_filter ] --END-- [ RunTime:0.000329s ]
INFO: [ app_end ] --START--
INFO: Run Behavior\ShowPageTraceBehavior [ RunTime:0.000491s ]
INFO: [ app_end ] --END-- [ RunTime:0.000523s ]

[ 2016-12-27T23:38:35+08:00 ] 127.0.0.1 /index.php/Back/Index/head.html
INFO: [ app_init ] --START--
INFO: Run Behavior\BuildLiteBehavior [ RunTime:0.000019s ]
INFO: [ app_init ] --END-- [ RunTime:0.000438s ]
INFO: [ app_begin ] --START--
INFO: Run Behavior\ReadHtmlCacheBehavior [ RunTime:0.000754s ]
INFO: [ app_begin ] --END-- [ RunTime:0.000820s ]
INFO: [ view_parse ] --START--
INFO: [ template_filter ] --START--
INFO: Run Behavior\ContentReplaceBehavior [ RunTime:0.000032s ]
INFO: [ template_filter ] --END-- [ RunTime:0.000079s ]
INFO: Run Behavior\ParseTemplateBehavior [ RunTime:0.007761s ]
INFO: [ view_parse ] --END-- [ RunTime:0.007830s ]
INFO: [ view_filter ] --START--
INFO: Run Behavior\WriteHtmlCacheBehavior [ RunTime:0.000308s ]
INFO: [ view_filter ] --END-- [ RunTime:0.000345s ]
INFO: [ app_end ] --START--
INFO: Run Behavior\ShowPageTraceBehavior [ RunTime:0.000490s ]
INFO: [ app_end ] --END-- [ RunTime:0.000527s ]

[ 2016-12-27T23:38:36+08:00 ] 127.0.0.1 /index.php/Back/Index/left.html
INFO: [ app_init ] --START--
INFO: Run Behavior\BuildLiteBehavior [ RunTime:0.000020s ]
INFO: [ app_init ] --END-- [ RunTime:0.000359s ]
INFO: [ app_begin ] --START--
INFO: Run Behavior\ReadHtmlCacheBehavior [ RunTime:0.000523s ]
INFO: [ app_begin ] --END-- [ RunTime:0.000568s ]
SQL: SHOW COLUMNS FROM `php41_auth` [ RunTime:0.0151s ]
SQL: SELECT * FROM `php41_auth` WHERE ( auth_level=0 )  [ RunTime:0.0005s ]
SQL: SELECT * FROM `php41_auth` WHERE ( auth_level=1 )  [ RunTime:0.0004s ]
INFO: [ view_parse ] --START--
INFO: [ template_filter ] --START--
INFO: Run Behavior\ContentReplaceBehavior [ RunTime:0.000057s ]
INFO: [ template_filter ] --END-- [ RunTime:0.000130s ]
INFO: Run Behavior\ParseTemplateBehavior [ RunTime:0.009062s ]
INFO: [ view_parse ] --END-- [ RunTime:0.009135s ]
INFO: [ view_filter ] --START--
INFO: Run Behavior\WriteHtmlCacheBehavior [ RunTime:0.000273s ]
INFO: [ view_filter ] --END-- [ RunTime:0.000307s ]
INFO: [ app_end ] --START--
INFO: Run Behavior\ShowPageTraceBehavior [ RunTime:0.000872s ]
INFO: [ app_end ] --END-- [ RunTime:0.000955s ]

[ 2016-12-27T23:38:36+08:00 ] 127.0.0.1 /index.php/Back/Index/right.html
INFO: [ app_init ] --START--
INFO: Run Behavior\BuildLiteBehavior [ RunTime:0.000019s ]
INFO: [ app_init ] --END-- [ RunTime:0.000510s ]
INFO: [ app_begin ] --START--
INFO: Run Behavior\ReadHtmlCacheBehavior [ RunTime:0.000781s ]
INFO: [ app_begin ] --END-- [ RunTime:0.000855s ]
INFO: [ view_parse ] --START--
INFO: [ template_filter ] --START--
INFO: Run Behavior\ContentReplaceBehavior [ RunTime:0.000052s ]
INFO: [ template_filter ] --END-- [ RunTime:0.000122s ]
INFO: Run Behavior\ParseTemplateBehavior [ RunTime:0.009482s ]
INFO: [ view_parse ] --END-- [ RunTime:0.009617s ]
INFO: [ view_filter ] --START--
INFO: Run Behavior\WriteHtmlCacheBehavior [ RunTime:0.000418s ]
INFO: [ view_filter ] --END-- [ RunTime:0.000470s ]
INFO: [ app_end ] --START--
INFO: Run Behavior\ShowPageTraceBehavior [ RunTime:0.000737s ]
INFO: [ app_end ] --END-- [ RunTime:0.000794s ]

[ 2016-12-27T23:38:38+08:00 ] 127.0.0.1 /index.php/Back/Manager/showlist
INFO: [ app_init ] --START--
INFO: Run Behavior\BuildLiteBehavior [ RunTime:0.000013s ]
INFO: [ app_init ] --END-- [ RunTime:0.000340s ]
INFO: [ app_begin ] --START--
INFO: Run Behavior\ReadHtmlCacheBehavior [ RunTime:0.000788s ]
INFO: [ app_begin ] --END-- [ RunTime:0.000850s ]
ERR: 无法加载控制器:Manager

[ 2016-12-27T23:38:42+08:00 ] 127.0.0.1 /index.php/Back/Role/showlist
INFO: [ app_init ] --START--
INFO: Run Behavior\BuildLiteBehavior [ RunTime:0.000025s ]
INFO: [ app_init ] --END-- [ RunTime:0.000565s ]
INFO: [ app_begin ] --START--
INFO: Run Behavior\ReadHtmlCacheBehavior [ RunTime:0.000745s ]
INFO: [ app_begin ] --END-- [ RunTime:0.000887s ]
SQL: SHOW COLUMNS FROM `php41_role` [ RunTime:0.0349s ]
SQL: SELECT * FROM `php41_role`  [ RunTime:0.0004s ]
INFO: [ view_parse ] --START--
INFO: [ template_filter ] --START--
INFO: Run Behavior\ContentReplaceBehavior [ RunTime:0.000033s ]
INFO: [ template_filter ] --END-- [ RunTime:0.000085s ]
NOTIC: [8] Undefined index: goods_id C:\phpStudy\WWW\php41\shop\Runtime\Cache\Back\9d9af0f1b3c9c1c89361da9610164efb.php 第 32 行.
NOTIC: [8] Undefined index: goods_id C:\phpStudy\WWW\php41\shop\Runtime\Cache\Back\9d9af0f1b3c9c1c89361da9610164efb.php 第 32 行.
INFO: Run Behavior\ParseTemplateBehavior [ RunTime:0.008094s ]
INFO: [ view_parse ] --END-- [ RunTime:0.008153s ]
INFO: [ view_filter ] --START--
INFO: Run Behavior\WriteHtmlCacheBehavior [ RunTime:0.000307s ]
INFO: [ view_filter ] --END-- [ RunTime:0.000342s ]
INFO: [ app_end ] --START--
INFO: Run Behavior\ShowPageTraceBehavior [ RunTime:0.000517s ]
INFO: [ app_end ] --END-- [ RunTime:0.000556s ]

[ 2016-12-27T23:38:47+08:00 ] 127.0.0.1 /index.php/Back/Manager/showlist
INFO: [ app_init ] --START--
INFO: Run Behavior\BuildLiteBehavior [ RunTime:0.000019s ]
INFO: [ app_init ] --END-- [ RunTime:0.000426s ]
INFO: [ app_begin ] --START--
INFO: Run Behavior\ReadHtmlCacheBehavior [ RunTime:0.000898s ]
INFO: [ app_begin ] --END-- [ RunTime:0.000965s ]
ERR: 无法加载控制器:Manager

[ 2016-12-27T23:40:41+08:00 ] 127.0.0.1 /index.php/Back/Auth/showlist
INFO: [ app_init ] --START--
INFO: Run Behavior\BuildLiteBehavior [ RunTime:0.000024s ]
INFO: [ app_init ] --END-- [ RunTime:0.000755s ]
INFO: [ app_begin ] --START--
INFO: Run Behavior\ReadHtmlCacheBehavior [ RunTime:0.001385s ]
INFO: [ app_begin ] --END-- [ RunTime:0.001460s ]
SQL: SHOW COLUMNS FROM `php41_auth` [ RunTime:0.0341s ]
SQL: SELECT * FROM `php41_auth` ORDER BY auth_path  [ RunTime:0.0005s ]
INFO: [ view_parse ] --START--
INFO: [ template_filter ] --START--
INFO: Run Behavior\ContentReplaceBehavior [ RunTime:0.000032s ]
INFO: [ template_filter ] --END-- [ RunTime:0.000072s ]
NOTIC: [8] Undefined index: goods_id C:\phpStudy\WWW\php41\shop\Runtime\Cache\Back\a1f63f45dcb11bc4cea5c7353aaf7c62.php 第 33 行.
NOTIC: [8] Undefined index: goods_id C:\phpStudy\WWW\php41\shop\Runtime\Cache\Back\a1f63f45dcb11bc4cea5c7353aaf7c62.php 第 33 行.
NOTIC: [8] Undefined index: goods_id C:\phpStudy\WWW\php41\shop\Runtime\Cache\Back\a1f63f45dcb11bc4cea5c7353aaf7c62.php 第 33 行.
NOTIC: [8] Undefined index: goods_id C:\phpStudy\WWW\php41\shop\Runtime\Cache\Back\a1f63f45dcb11bc4cea5c7353aaf7c62.php 第 33 行.
NOTIC: [8] Undefined index: goods_id C:\phpStudy\WWW\php41\shop\Runtime\Cache\Back\a1f63f45dcb11bc4cea5c7353aaf7c62.php 第 33 行.
NOTIC: [8] Undefined index: goods_id C:\phpStudy\WWW\php41\shop\Runtime\Cache\Back\a1f63f45dcb11bc4cea5c7353aaf7c62.php 第 33 行.
NOTIC: [8] Undefined index: goods_id C:\phpStudy\WWW\php41\shop\Runtime\Cache\Back\a1f63f45dcb11bc4cea5c7353aaf7c62.php 第 33 行.
NOTIC: [8] Undefined index: goods_id C:\phpStudy\WWW\php41\shop\Runtime\Cache\Back\a1f63f45dcb11bc4cea5c7353aaf7c62.php 第 33 行.
NOTIC: [8] Undefined index: goods_id C:\phpStudy\WWW\php41\shop\Runtime\Cache\Back\a1f63f45dcb11bc4cea5c7353aaf7c62.php 第 33 行.
NOTIC: [8] Undefined index: goods_id C:\phpStudy\WWW\php41\shop\Runtime\Cache\Back\a1f63f45dcb11bc4cea5c7353aaf7c62.php 第 33 行.
NOTIC: [8] Undefined index: goods_id C:\phpStudy\WWW\php41\shop\Runtime\Cache\Back\a1f63f45dcb11bc4cea5c7353aaf7c62.php 第 33 行.
NOTIC: [8] Undefined index: goods_id C:\phpStudy\WWW\php41\shop\Runtime\Cache\Back\a1f63f45dcb11bc4cea5c7353aaf7c62.php 第 33 行.
NOTIC: [8] Undefined index: goods_id C:\phpStudy\WWW\php41\shop\Runtime\Cache\Back\a1f63f45dcb11bc4cea5c7353aaf7c62.php 第 33 行.
NOTIC: [8] Undefined index: goods_id C:\phpStudy\WWW\php41\shop\Runtime\Cache\Back\a1f63f45dcb11bc4cea5c7353aaf7c62.php 第 33 行.
NOTIC: [8] Undefined index: goods_id C:\phpStudy\WWW\php41\shop\Runtime\Cache\Back\a1f63f45dcb11bc4cea5c7353aaf7c62.php 第 33 行.
NOTIC: [8] Undefined index: goods_id C:\phpStudy\WWW\php41\shop\Runtime\Cache\Back\a1f63f45dcb11bc4cea5c7353aaf7c62.php 第 33 行.
INFO: Run Behavior\ParseTemplateBehavior [ RunTime:0.009097s ]
INFO: [ view_parse ] --END-- [ RunTime:0.009146s ]
INFO: [ view_filter ] --START--
INFO: Run Behavior\WriteHtmlCacheBehavior [ RunTime:0.000535s ]
INFO: [ view_filter ] --END-- [ RunTime:0.000567s ]
INFO: [ app_end ] --START--
INFO: Run Behavior\ShowPageTraceBehavior [ RunTime:0.001202s ]
INFO: [ app_end ] --END-- [ RunTime:0.001263s ]

[ 2016-12-27T23:40:43+08:00 ] 127.0.0.1 /index.php/Back/Role/showlist
INFO: [ app_init ] --START--
INFO: Run Behavior\BuildLiteBehavior [ RunTime:0.000013s ]
INFO: [ app_init ] --END-- [ RunTime:0.000427s ]
INFO: [ app_begin ] --START--
INFO: Run Behavior\ReadHtmlCacheBehavior [ RunTime:0.001341s ]
INFO: [ app_begin ] --END-- [ RunTime:0.001416s ]
SQL: SHOW COLUMNS FROM `php41_role` [ RunTime:0.0381s ]
SQL: SELECT * FROM `php41_role`  [ RunTime:0.0003s ]
INFO: [ view_parse ] --START--
INFO: [ template_filter ] --START--
INFO: Run Behavior\ContentReplaceBehavior [ RunTime:0.000030s ]
INFO: [ template_filter ] --END-- [ RunTime:0.000070s ]
NOTIC: [8] Undefined index: goods_id C:\phpStudy\WWW\php41\shop\Runtime\Cache\Back\9d9af0f1b3c9c1c89361da9610164efb.php 第 32 行.
NOTIC: [8] Undefined index: goods_id C:\phpStudy\WWW\php41\shop\Runtime\Cache\Back\9d9af0f1b3c9c1c89361da9610164efb.php 第 32 行.
INFO: Run Behavior\ParseTemplateBehavior [ RunTime:0.009318s ]
INFO: [ view_parse ] --END-- [ RunTime:0.009362s ]
INFO: [ view_filter ] --START--
INFO: Run Behavior\WriteHtmlCacheBehavior [ RunTime:0.000493s ]
INFO: [ view_filter ] --END-- [ RunTime:0.000525s ]
INFO: [ app_end ] --START--
INFO: Run Behavior\ShowPageTraceBehavior [ RunTime:0.000716s ]
INFO: [ app_end ] --END-- [ RunTime:0.000769s ]

[ 2016-12-27T23:40:43+08:00 ] 127.0.0.1 /index.php/Back/Manager/showlist
INFO: [ app_init ] --START--
INFO: Run Behavior\BuildLiteBehavior [ RunTime:0.000012s ]
INFO: [ app_init ] --END-- [ RunTime:0.000379s ]
INFO: [ app_begin ] --START--
INFO: Run Behavior\ReadHtmlCacheBehavior [ RunTime:0.001175s ]
INFO: [ app_begin ] --END-- [ RunTime:0.001271s ]
ERR: 无法加载控制器:Manager

[ 2016-12-27T23:43:08+08:00 ] 127.0.0.1 /index.php/Back/Manager/showlist
INFO: [ app_init ] --START--
INFO: Run Behavior\BuildLiteBehavior [ RunTime:0.000012s ]
INFO: [ app_init ] --END-- [ RunTime:0.000429s ]
INFO: [ app_begin ] --START--
INFO: Run Behavior\ReadHtmlCacheBehavior [ RunTime:0.001113s ]
INFO: [ app_begin ] --END-- [ RunTime:0.001202s ]
ERR: 无法加载控制器:Manager

[ 2016-12-27T23:43:10+08:00 ] 127.0.0.1 /index.php/Back/Manager/showlist
INFO: [ app_init ] --START--
INFO: Run Behavior\BuildLiteBehavior [ RunTime:0.000013s ]
INFO: [ app_init ] --END-- [ RunTime:0.000441s ]
INFO: [ app_begin ] --START--
INFO: Run Behavior\ReadHtmlCacheBehavior [ RunTime:0.000842s ]
INFO: [ app_begin ] --END-- [ RunTime:0.000887s ]
ERR: 无法加载控制器:Manager

[ 2016-12-27T23:43:11+08:00 ] 127.0.0.1 /index.php/Back/Manager/showlist
INFO: [ app_init ] --START--
INFO: Run Behavior\BuildLiteBehavior [ RunTime:0.000012s ]
INFO: [ app_init ] --END-- [ RunTime:0.000422s ]
INFO: [ app_begin ] --START--
INFO: Run Behavior\ReadHtmlCacheBehavior [ RunTime:0.000765s ]
INFO: [ app_begin ] --END-- [ RunTime:0.000804s ]
ERR: 无法加载控制器:Manager

[ 2016-12-27T23:43:14+08:00 ] 127.0.0.1 /index.php/Back/Index/index.html
INFO: [ app_init ] --START--
INFO: Run Behavior\BuildLiteBehavior [ RunTime:0.000013s ]
INFO: [ app_init ] --END-- [ RunTime:0.000393s ]
INFO: [ app_begin ] --START--
INFO: Run Behavior\ReadHtmlCacheBehavior [ RunTime:0.000807s ]
INFO: [ app_begin ] --END-- [ RunTime:0.000849s ]
INFO: [ view_parse ] --START--
INFO: [ template_filter ] --START--
INFO: Run Behavior\ContentReplaceBehavior [ RunTime:0.000030s ]
INFO: [ template_filter ] --END-- [ RunTime:0.000075s ]
INFO: Run Behavior\ParseTemplateBehavior [ RunTime:0.014190s ]
INFO: [ view_parse ] --END-- [ RunTime:0.014242s ]
INFO: [ view_filter ] --START--
INFO: Run Behavior\WriteHtmlCacheBehavior [ RunTime:0.000513s ]
INFO: [ view_filter ] --END-- [ RunTime:0.000545s ]
INFO: [ app_end ] --START--
INFO: Run Behavior\ShowPageTraceBehavior [ RunTime:0.000771s ]
INFO: [ app_end ] --END-- [ RunTime:0.000804s ]

[ 2016-12-27T23:43:15+08:00 ] 127.0.0.1 /index.php/Back/Index/left.html
INFO: [ app_init ] --START--
INFO: Run Behavior\BuildLiteBehavior [ RunTime:0.000021s ]
INFO: [ app_init ] --END-- [ RunTime:0.000581s ]
INFO: [ app_begin ] --START--
INFO: Run Behavior\ReadHtmlCacheBehavior [ RunTime:0.001017s ]
INFO: [ app_begin ] --END-- [ RunTime:0.001079s ]
SQL: SHOW COLUMNS FROM `php41_auth` [ RunTime:0.0116s ]
SQL: SELECT * FROM `php41_auth` WHERE ( auth_level=0 )  [ RunTime:0.0004s ]
SQL: SELECT * FROM `php41_auth` WHERE ( auth_level=1 )  [ RunTime:0.0005s ]
INFO: [ view_parse ] --START--
INFO: [ template_filter ] --START--
INFO: Run Behavior\ContentReplaceBehavior [ RunTime:0.000044s ]
INFO: [ template_filter ] --END-- [ RunTime:0.000089s ]
INFO: Run Behavior\ParseTemplateBehavior [ RunTime:0.010781s ]
INFO: [ view_parse ] --END-- [ RunTime:0.010842s ]
INFO: [ view_filter ] --START--
INFO: Run Behavior\WriteHtmlCacheBehavior [ RunTime:0.000482s ]
INFO: [ view_filter ] --END-- [ RunTime:0.000514s ]
INFO: [ app_end ] --START--
INFO: Run Behavior\ShowPageTraceBehavior [ RunTime:0.001191s ]
INFO: [ app_end ] --END-- [ RunTime:0.001258s ]

[ 2016-12-27T23:43:15+08:00 ] 127.0.0.1 /index.php/Back/Index/head.html
INFO: [ app_init ] --START--
INFO: Run Behavior\BuildLiteBehavior [ RunTime:0.000017s ]
INFO: [ app_init ] --END-- [ RunTime:0.000634s ]
INFO: [ app_begin ] --START--
INFO: Run Behavior\ReadHtmlCacheBehavior [ RunTime:0.001218s ]
INFO: [ app_begin ] --END-- [ RunTime:0.001291s ]
INFO: [ view_parse ] --START--
INFO: [ template_filter ] --START--
INFO: Run Behavior\ContentReplaceBehavior [ RunTime:0.000033s ]
INFO: [ template_filter ] --END-- [ RunTime:0.000083s ]
INFO: Run Behavior\ParseTemplateBehavior [ RunTime:0.009619s ]
INFO: [ view_parse ] --END-- [ RunTime:0.009706s ]
INFO: [ view_filter ] --START--
INFO: Run Behavior\WriteHtmlCacheBehavior [ RunTime:0.000722s ]
INFO: [ view_filter ] --END-- [ RunTime:0.000775s ]
INFO: [ app_end ] --START--
INFO: Run Behavior\ShowPageTraceBehavior [ RunTime:0.001121s ]
INFO: [ app_end ] --END-- [ RunTime:0.001183s ]

[ 2016-12-27T23:43:15+08:00 ] 127.0.0.1 /index.php/Back/Index/right.html
INFO: [ app_init ] --START--
INFO: Run Behavior\BuildLiteBehavior [ RunTime:0.000018s ]
INFO: [ app_init ] --END-- [ RunTime:0.000331s ]
INFO: [ app_begin ] --START--
INFO: Run Behavior\ReadHtmlCacheBehavior [ RunTime:0.000722s ]
INFO: [ app_begin ] --END-- [ RunTime:0.000762s ]
INFO: [ view_parse ] --START--
INFO: [ template_filter ] --START--
INFO: Run Behavior\ContentReplaceBehavior [ RunTime:0.000036s ]
INFO: [ template_filter ] --END-- [ RunTime:0.000083s ]
INFO: Run Behavior\ParseTemplateBehavior [ RunTime:0.008347s ]
INFO: [ view_parse ] --END-- [ RunTime:0.008427s ]
INFO: [ view_filter ] --START--
INFO: Run Behavior\WriteHtmlCacheBehavior [ RunTime:0.000616s ]
INFO: [ view_filter ] --END-- [ RunTime:0.000698s ]
INFO: [ app_end ] --START--
INFO: Run Behavior\ShowPageTraceBehavior [ RunTime:0.001209s ]
INFO: [ app_end ] --END-- [ RunTime:0.001262s ]

[ 2016-12-27T23:43:19+08:00 ] 127.0.0.1 /index.php/Back/Admin/showlist
INFO: [ app_init ] --START--
INFO: Run Behavior\BuildLiteBehavior [ RunTime:0.000014s ]
INFO: [ app_init ] --END-- [ RunTime:0.000438s ]
INFO: [ app_begin ] --START--
INFO: Run Behavior\ReadHtmlCacheBehavior [ RunTime:0.000753s ]
INFO: [ app_begin ] --END-- [ RunTime:0.000797s ]
SQL: SHOW COLUMNS FROM `php41_manager` [ RunTime:0.0333s ]
SQL: SELECT m.*,r.role_name FROM php41_manager m LEFT JOIN php41_role r on m.mg_role_id=r.role_id   [ RunTime:0.0027s ]
INFO: [ view_parse ] --START--
INFO: [ template_filter ] --START--
INFO: Run Behavior\ContentReplaceBehavior [ RunTime:0.000029s ]
INFO: [ template_filter ] --END-- [ RunTime:0.000069s ]
NOTIC: [8] Undefined index: goods_id C:\phpStudy\WWW\php41\shop\Runtime\Cache\Back\7cf35581f59c384435a9c51d5473eb4e.php 第 32 行.
NOTIC: [8] Undefined index: add_time C:\phpStudy\WWW\php41\shop\Runtime\Cache\Back\7cf35581f59c384435a9c51d5473eb4e.php 第 35 行.
NOTIC: [8] Undefined index: goods_id C:\phpStudy\WWW\php41\shop\Runtime\Cache\Back\7cf35581f59c384435a9c51d5473eb4e.php 第 32 行.
NOTIC: [8] Undefined index: add_time C:\phpStudy\WWW\php41\shop\Runtime\Cache\Back\7cf35581f59c384435a9c51d5473eb4e.php 第 35 行.
NOTIC: [8] Undefined index: goods_id C:\phpStudy\WWW\php41\shop\Runtime\Cache\Back\7cf35581f59c384435a9c51d5473eb4e.php 第 32 行.
NOTIC: [8] Undefined index: add_time C:\phpStudy\WWW\php41\shop\Runtime\Cache\Back\7cf35581f59c384435a9c51d5473eb4e.php 第 35 行.
INFO: Run Behavior\ParseTemplateBehavior [ RunTime:0.024315s ]
INFO: [ view_parse ] --END-- [ RunTime:0.024374s ]
INFO: [ view_filter ] --START--
INFO: Run Behavior\WriteHtmlCacheBehavior [ RunTime:0.000850s ]
INFO: [ view_filter ] --END-- [ RunTime:0.004065s ]
INFO: [ app_end ] --START--
INFO: Run Behavior\ShowPageTraceBehavior [ RunTime:0.001053s ]
INFO: [ app_end ] --END-- [ RunTime:0.001120s ]

